\BOOKMARK [0][-]{chapter.1}{\376\377\000T\000h\000e\000\040\000d\000i\000s\000c\000o\000n\000t\000i\000n\000u\000o\000u\000s\000\040\000G\000a\000l\000e\000r\000k\000i\000n\000\040\000s\000p\000e\000c\000t\000r\000a\000l\000\040\000e\000l\000e\000m\000e\000n\000t\000\040\000m\000e\000t\000h\000o\000d}{}% 1
\BOOKMARK [1][-]{section.1.1}{\376\377\000T\000h\000e\000\040\000d\000i\000s\000c\000o\000n\000t\000i\000n\000u\000o\000u\000s\000\040\000G\000a\000l\000e\000r\000k\000i\000n\000\040\000s\000p\000e\000c\000t\000r\000a\000l\000\040\000e\000l\000e\000m\000e\000n\000t\000\040\000m\000e\000t\000h\000o\000d\000\040\000\050\000D\000G\000S\000E\000M\000\051}{chapter.1}% 2
\BOOKMARK [2][-]{subsection.1.1.1}{\376\377\000W\000e\000i\000g\000h\000t\000e\000d\000\040\000r\000e\000s\000i\000d\000u\000a\000l\000s}{section.1.1}% 3
\BOOKMARK [2][-]{subsection.1.1.2}{\376\377\000Q\000u\000a\000d\000r\000a\000t\000u\000r\000e\000\040\000a\000n\000d\000\040\000a\000p\000p\000r\000o\000x\000i\000m\000a\000t\000i\000o\000n}{section.1.1}% 4
\BOOKMARK [1][-]{section.1.2}{\376\377\000S\000p\000l\000i\000t\000\040\000f\000o\000r\000m\000s\000\040\000o\000f\000\040\000e\000v\000a\000l\000u\000a\000t\000i\000n\000g\000\040\000s\000u\000m\000m\000a\000t\000i\000o\000n\000-\000b\000y\000-\000p\000a\000r\000t\000s\000\040\000o\000p\000e\000r\000a\000t\000o\000r\000s}{chapter.1}% 5
\BOOKMARK [2][-]{subsection.1.2.1}{\376\377\000A\000\040\000s\000h\000o\000r\000t\000\040\000n\000o\000t\000e\000\040\000o\000n\000\040\000s\000t\000r\000o\000n\000g\000\040\000f\000o\000r\000m}{section.1.2}% 6
\BOOKMARK [1][-]{section.1.3}{\376\377\000S\000u\000r\000f\000a\000c\000e\000\040\000i\000n\000t\000e\000g\000r\000a\000l\000\040\000t\000e\000r\000m\000s}{chapter.1}% 7
\BOOKMARK [2][-]{subsection.1.3.1}{\376\377\000S\000u\000r\000f\000a\000c\000e\000\040\000f\000l\000u\000x\000\040\000f\000u\000n\000c\000t\000i\000o\000n\000s}{section.1.3}% 8
\BOOKMARK [0][-]{chapter.2}{\376\377\000T\000i\000m\000e\000-\000m\000a\000r\000c\000h\000i\000n\000g\000\040\000a\000n\000d\000\040\000t\000o\000p\000-\000l\000e\000v\000e\000l\000\040\000a\000s\000s\000e\000m\000b\000l\000y}{}% 9
\BOOKMARK [1][-]{section.2.1}{\376\377\000D\000a\000t\000a\000\040\000s\000t\000r\000u\000c\000t\000u\000r\000e\000\040\000o\000f\000\040\000s\000u\000r\000f\000a\000c\000e\000\040\000q\000u\000a\000n\000t\000i\000t\000i\000e\000s}{chapter.2}% 10
\BOOKMARK [0][-]{chapter.3}{\376\377\000G\000o\000v\000e\000r\000n\000i\000n\000g\000\040\000e\000q\000u\000a\000t\000i\000o\000n\000s\000\040\000a\000n\000d\000\040\000f\000l\000u\000i\000d\000\040\000p\000r\000o\000p\000e\000r\000t\000i\000e\000s}{}% 11
\BOOKMARK [1][-]{section.3.1}{\376\377\000E\000u\000l\000e\000r\000\040\000e\000q\000u\000a\000t\000i\000o\000n\000s\000\040\000o\000f\000\040\000g\000a\000s\000\040\000d\000y\000n\000a\000m\000i\000c\000s}{chapter.3}% 12
\BOOKMARK [0][-]{chapter.4}{\376\377\000R\000i\000g\000h\000t\000-\000h\000a\000n\000d\000-\000s\000i\000d\000e\000\040\000e\000v\000a\000l\000u\000a\000t\000i\000o\000n\000:\000\040\000v\000o\000l\000u\000m\000e\000\040\000t\000e\000r\000m\000s}{}% 13
\BOOKMARK [1][-]{section.4.1}{\376\377\000T\000w\000o\000-\000p\000o\000i\000n\000t\000\040\000f\000l\000u\000x\000\040\000f\000u\000n\000c\000t\000i\000o\000n\000s}{chapter.4}% 14
\BOOKMARK [2][-]{subsection.4.1.1}{\376\377\000K\000e\000n\000n\000e\000d\000y\000\040\000a\000n\000d\000\040\000G\000r\000u\000b\000e\000r}{section.4.1}% 15
\BOOKMARK [0][-]{chapter.5}{\376\377\000M\000o\000d\000u\000l\000e\000\040\000I\000n\000d\000e\000x}{}% 16
\BOOKMARK [1][-]{section.5.1}{\376\377\000M\000o\000d\000u\000l\000e\000s}{chapter.5}% 17
\BOOKMARK [0][-]{chapter.6}{\376\377\000F\000i\000l\000e\000\040\000I\000n\000d\000e\000x}{}% 18
\BOOKMARK [1][-]{section.6.1}{\376\377\000F\000i\000l\000e\000\040\000L\000i\000s\000t}{chapter.6}% 19
\BOOKMARK [0][-]{chapter.7}{\376\377\000M\000o\000d\000u\000l\000e\000\040\000D\000o\000c\000u\000m\000e\000n\000t\000a\000t\000i\000o\000n}{}% 20
\BOOKMARK [1][-]{section.7.1}{\376\377\000V\000o\000l\000u\000m\000e\000\040\000i\000n\000t\000e\000g\000r\000a\000l\000\040\000f\000o\000r\000\040\000i\000n\000v\000i\000s\000c\000i\000d\000\040\000f\000l\000u\000x\000e\000s}{chapter.7}% 21
\BOOKMARK [2][-]{subsection.7.1.1}{\376\377\000D\000e\000t\000a\000i\000l\000e\000d\000\040\000D\000e\000s\000c\000r\000i\000p\000t\000i\000o\000n}{section.7.1}% 22
\BOOKMARK [2][-]{subsection.7.1.2}{\376\377\000F\000u\000n\000c\000t\000i\000o\000n\000/\000S\000u\000b\000r\000o\000u\000t\000i\000n\000e\000\040\000D\000o\000c\000u\000m\000e\000n\000t\000a\000t\000i\000o\000n}{section.7.1}% 23
\BOOKMARK [3][-]{subsubsection.7.1.2.1}{\376\377\000c\000o\000n\000t\000r\000a\000v\000a\000r\000i\000a\000n\000t\000\137\000f\000l\000u\000x}{subsection.7.1.2}% 24
\BOOKMARK [3][-]{subsubsection.7.1.2.2}{\376\377\000c\000o\000n\000v\000e\000c\000t\000i\000v\000e\000\137\000c\000m\000t}{subsection.7.1.2}% 25
\BOOKMARK [3][-]{subsubsection.7.1.2.3}{\376\377\000e\000v\000a\000l\000u\000a\000t\000e\000\137\000a\000l\000i\000a\000s\000e\000d\000\137\000c\000o\000n\000v\000\137\000h}{subsection.7.1.2}% 26
\BOOKMARK [3][-]{subsubsection.7.1.2.4}{\376\377\000f\000l\000u\000x\000d\000i\000v\000\137\0002\000p\000o\000i\000n\000t\000\137\000n\000o\000s\000c\000r}{subsection.7.1.2}% 27
\BOOKMARK [3][-]{subsubsection.7.1.2.5}{\376\377\000f\000l\000u\000x\000d\000i\000v\000\137\000s\000t\000r\000o\000n\000g\000\137\000c\000o\000n\000t\000r\000a}{subsection.7.1.2}% 28
\BOOKMARK [1][-]{section.7.2}{\376\377\000S\000u\000r\000f\000a\000c\000e\000\040\000i\000n\000t\000e\000g\000r\000a\000l\000s\000\040\000d\000u\000e\000\040\000t\000o\000\040\000b\000o\000u\000n\000d\000a\000r\000y\000\040\000c\000o\000n\000d\000i\000t\000i\000o\000n\000s}{chapter.7}% 29
\BOOKMARK [2][-]{subsection.7.2.1}{\376\377\000D\000e\000t\000a\000i\000l\000e\000d\000\040\000D\000e\000s\000c\000r\000i\000p\000t\000i\000o\000n}{section.7.2}% 30
\BOOKMARK [2][-]{subsection.7.2.2}{\376\377\000F\000u\000n\000c\000t\000i\000o\000n\000/\000S\000u\000b\000r\000o\000u\000t\000i\000n\000e\000\040\000D\000o\000c\000u\000m\000e\000n\000t\000a\000t\000i\000o\000n}{section.7.2}% 31
\BOOKMARK [3][-]{subsubsection.7.2.2.1}{\376\377\000a\0005\0001\000d\000u\000a\000d\000i\000a}{subsection.7.2.2}% 32
\BOOKMARK [3][-]{subsubsection.7.2.2.2}{\376\377\000a\0005\0002\000d\000u\000a\000d\000i\000a}{subsection.7.2.2}% 33
\BOOKMARK [3][-]{subsubsection.7.2.2.3}{\376\377\000a\0005\0003\000d\000u\000a\000d\000i\000a}{subsection.7.2.2}% 34
\BOOKMARK [3][-]{subsubsection.7.2.2.4}{\376\377\000i\000m\000q\000q\000t\000u\000\137\000d\000i\000r\000i\000c\000h\000l\000e\000t}{subsection.7.2.2}% 35
\BOOKMARK [1][-]{section.7.3}{\376\377\000V\000o\000l\000u\000m\000e\000\040\000i\000n\000t\000e\000g\000r\000a\000l\000\040\000f\000o\000r\000\040\000v\000i\000s\000c\000o\000u\000s\000\040\000f\000l\000u\000x\000e\000s}{chapter.7}% 36
\BOOKMARK [2][-]{subsection.7.3.1}{\376\377\000D\000e\000t\000a\000i\000l\000e\000d\000\040\000D\000e\000s\000c\000r\000i\000p\000t\000i\000o\000n}{section.7.3}% 37
\BOOKMARK [2][-]{subsection.7.3.2}{\376\377\000F\000u\000n\000c\000t\000i\000o\000n\000/\000S\000u\000b\000r\000o\000u\000t\000i\000n\000e\000\040\000D\000o\000c\000u\000m\000e\000n\000t\000a\000t\000i\000o\000n}{section.7.3}% 38
\BOOKMARK [3][-]{subsubsection.7.3.2.1}{\376\377\000h\000a\000l\000f\000\137\000i\000k\000u\000\137\000c\000m\000t}{subsection.7.3.2}% 39
\BOOKMARK [3][-]{subsubsection.7.3.2.2}{\376\377\000v\000i\000s\000c\000o\000u\000s\000\137\000c\000m\000t}{subsection.7.3.2}% 40
\BOOKMARK [1][-]{section.7.4}{\376\377\000J\000a\000c\000o\000b\000i\000a\000n\000s\000\040\000f\000o\000r\000\040\000v\000i\000s\000c\000o\000u\000s\000\040\000f\000l\000u\000x\000e\000s}{chapter.7}% 41
\BOOKMARK [2][-]{subsection.7.4.1}{\376\377\000D\000e\000t\000a\000i\000l\000e\000d\000\040\000D\000e\000s\000c\000r\000i\000p\000t\000i\000o\000n}{section.7.4}% 42
\BOOKMARK [2][-]{subsection.7.4.2}{\376\377\000F\000u\000n\000c\000t\000i\000o\000n\000/\000S\000u\000b\000r\000o\000u\000t\000i\000n\000e\000\040\000D\000o\000c\000u\000m\000e\000n\000t\000a\000t\000i\000o\000n}{section.7.4}% 43
\BOOKMARK [3][-]{subsubsection.7.4.2.1}{\376\377\000a\000g\000r\000a\000d\000u}{subsection.7.4.2}% 44
\BOOKMARK [3][-]{subsubsection.7.4.2.2}{\376\377\000c\000o\000m\000p\000u\000t\000e\000\137\000t\000r\000a\000n\000s\000p\000o\000r\000t\000\137\000p\000r\000o\000p\000s}{subsection.7.4.2}% 45
\BOOKMARK [3][-]{subsubsection.7.4.2.3}{\376\377\000f\000l\000u\000x\000j\000\137\000n\000s}{subsection.7.4.2}% 46
\BOOKMARK [1][-]{section.7.5}{\376\377\000I\000n\000v\000i\000s\000c\000i\000d\000\040\000s\000u\000r\000f\000a\000c\000e\000\040\000t\000e\000r\000m\000s}{chapter.7}% 47
\BOOKMARK [2][-]{subsection.7.5.1}{\376\377\000D\000e\000t\000a\000i\000l\000e\000d\000\040\000D\000e\000s\000c\000r\000i\000p\000t\000i\000o\000n}{section.7.5}% 48
\BOOKMARK [2][-]{subsection.7.5.2}{\376\377\000F\000u\000n\000c\000t\000i\000o\000n\000/\000S\000u\000b\000r\000o\000u\000t\000i\000n\000e\000\040\000D\000o\000c\000u\000m\000e\000n\000t\000a\000t\000i\000o\000n}{section.7.5}% 49
\BOOKMARK [3][-]{subsubsection.7.5.2.1}{\376\377\000a\000v\000g\000\137\000a\000n\000d\000\137\000j\000u\000m\000p}{subsection.7.5.2}% 50
\BOOKMARK [3][-]{subsubsection.7.5.2.2}{\376\377\000d\000g\000\137\000f\000a\000c\000e\000\137\000a\000v\000g}{subsection.7.5.2}% 51
\BOOKMARK [3][-]{subsubsection.7.5.2.3}{\376\377\000f\000a\000c\000e\000\137\000s\000t\000a\000t\000e\000\137\000c\000o\000m\000m\000o}{subsection.7.5.2}% 52
\BOOKMARK [3][-]{subsubsection.7.5.2.4}{\376\377\000f\000a\000c\000e\000u}{subsection.7.5.2}% 53
\BOOKMARK [3][-]{subsubsection.7.5.2.5}{\376\377\000f\000i\000l\000l\000q}{subsection.7.5.2}% 54
\BOOKMARK [3][-]{subsubsection.7.5.2.6}{\376\377\000f\000l\000u\000x\000e\000s\000\137\000f\000u\000l\000l\000\137\000f\000i\000e\000l\000d\000\137\000k\000g}{subsection.7.5.2}% 55
\BOOKMARK [3][-]{subsubsection.7.5.2.7}{\376\377\000i\000n\000f\000l\000o\000w\000\137\000d\000f}{subsection.7.5.2}% 56
\BOOKMARK [3][-]{subsubsection.7.5.2.8}{\376\377\000o\000u\000t\000f\000l\000o\000w\000\137\000d\000f}{subsection.7.5.2}% 57
\BOOKMARK [1][-]{section.7.6}{\376\377\000V\000i\000s\000c\000o\000u\000s\000\040\000s\000u\000r\000f\000a\000c\000e\000\040\000t\000e\000r\000m\000s}{chapter.7}% 58
\BOOKMARK [2][-]{subsection.7.6.1}{\376\377\000D\000e\000t\000a\000i\000l\000e\000d\000\040\000D\000e\000s\000c\000r\000i\000p\000t\000i\000o\000n}{section.7.6}% 59
\BOOKMARK [2][-]{subsection.7.6.2}{\376\377\000F\000u\000n\000c\000t\000i\000o\000n\000/\000S\000u\000b\000r\000o\000u\000t\000i\000n\000e\000\040\000D\000o\000c\000u\000m\000e\000n\000t\000a\000t\000i\000o\000n}{section.7.6}% 60
\BOOKMARK [3][-]{subsubsection.7.6.2.1}{\376\377\000b\000r\0001\000a\000u\000x\000f\000l\000u\000x}{subsection.7.6.2}% 61
\BOOKMARK [3][-]{subsubsection.7.6.2.2}{\376\377\000i\000g\000t\000u\000\137\000c\000m\000t}{subsection.7.6.2}% 62
\BOOKMARK [3][-]{subsubsection.7.6.2.3}{\376\377\000i\000m\000q\000q\000t\000u}{subsection.7.6.2}% 63
\BOOKMARK [1][-]{section.7.7}{\376\377\000F\000l\000u\000x\000\040\000f\000u\000n\000c\000t\000i\000o\000n\000s\000\040\000a\000n\000d\000\040\000w\000r\000a\000p\000p\000e\000r\000s}{chapter.7}% 64
\BOOKMARK [2][-]{subsection.7.7.1}{\376\377\000D\000e\000t\000a\000i\000l\000e\000d\000\040\000D\000e\000s\000c\000r\000i\000p\000t\000i\000o\000n}{section.7.7}% 65
\BOOKMARK [2][-]{subsection.7.7.2}{\376\377\000F\000u\000n\000c\000t\000i\000o\000n\000/\000S\000u\000b\000r\000o\000u\000t\000i\000n\000e\000\040\000D\000o\000c\000u\000m\000e\000n\000t\000a\000t\000i\000o\000n}{section.7.7}% 66
\BOOKMARK [3][-]{subsubsection.7.7.2.1}{\376\377\000g\000t\000u\000\137\000w\000r\000a\000p\000p\000e\000r}{subsection.7.7.2}% 67
\BOOKMARK [3][-]{subsubsection.7.7.2.2}{\376\377\000s\000e\000q\000u\000e\000n\000t\000i\000a\000l\000\137\000f\000l\000u\000x}{subsection.7.7.2}% 68
\BOOKMARK [1][-]{section.7.8}{\376\377\000u\000t\000i\000l\000i\000t\000y\000\040\000f\000u\000n\000c\000t\000i\000o\000n\000s\000\040\000f\000o\000r\000\040\000m\000a\000n\000i\000p\000u\000l\000a\000t\000i\000n\000g\000\040\000f\000a\000c\000e\000\040\000d\000a\000t\000a}{chapter.7}% 69
\BOOKMARK [1][-]{section.7.9}{\376\377\000s\000t\000r\000u\000c\000t\000u\000r\000e\000\040\000f\000o\000r\000\040\000s\000y\000m\000m\000e\000t\000r\000i\000c\000\040\000f\000l\000u\000x\000\040\000f\000u\000n\000c\000t\000i\000o\000n\000s\000\040\000i\000n\000\040\000s\000p\000l\000i\000t\000\040\000f\000o\000r\000m\000s}{chapter.7}% 70
\BOOKMARK [1][-]{section.7.10}{\376\377\000f\000l\000o\000w\000\040\000f\000i\000e\000l\000d\000\040\000i\000n\000i\000t\000i\000a\000l\000i\000z\000a\000t\000i\000o\000n\000\040\000r\000o\000u\000t\000i\000n\000e\000s}{chapter.7}% 71
\BOOKMARK [2][-]{subsection.7.10.1}{\376\377\000D\000e\000t\000a\000i\000l\000e\000d\000\040\000D\000e\000s\000c\000r\000i\000p\000t\000i\000o\000n}{section.7.10}% 72
\BOOKMARK [2][-]{subsection.7.10.2}{\376\377\000F\000u\000n\000c\000t\000i\000o\000n\000/\000S\000u\000b\000r\000o\000u\000t\000i\000n\000e\000\040\000D\000o\000c\000u\000m\000e\000n\000t\000a\000t\000i\000o\000n}{section.7.10}% 73
\BOOKMARK [3][-]{subsubsection.7.10.2.1}{\376\377\000c\000m\000t\000\137\000i\000c\000s}{subsection.7.10.2}% 74
\BOOKMARK [3][-]{subsubsection.7.10.2.2}{\376\377\000c\000m\000t\000u\000i\000c}{subsection.7.10.2}% 75
\BOOKMARK [1][-]{section.7.11}{\376\377\000T\000h\000e\000r\000m\000o\000d\000y\000n\000a\000m\000i\000c\000\040\000s\000t\000a\000t\000e\000\040\000v\000a\000r\000i\000a\000b\000l\000e\000s\000\040\000f\000r\000o\000m\000\040\000c\000o\000n\000s\000e\000r\000v\000e\000d\000\040\000v\000a\000r\000i\000a\000b\000l\000e\000s}{chapter.7}% 76
\BOOKMARK [2][-]{subsection.7.11.1}{\376\377\000D\000e\000t\000a\000i\000l\000e\000d\000\040\000D\000e\000s\000c\000r\000i\000p\000t\000i\000o\000n}{section.7.11}% 77
\BOOKMARK [2][-]{subsection.7.11.2}{\376\377\000F\000u\000n\000c\000t\000i\000o\000n\000/\000S\000u\000b\000r\000o\000u\000t\000i\000n\000e\000\040\000D\000o\000c\000u\000m\000e\000n\000t\000a\000t\000i\000o\000n}{section.7.11}% 78
\BOOKMARK [3][-]{subsubsection.7.11.2.1}{\376\377\000c\000o\000m\000p\000u\000t\000e\000\137\000p\000r\000i\000m\000i\000t\000i\000v\000e\000\137\000v\000a\000r\000s}{subsection.7.11.2}% 79
\BOOKMARK [3][-]{subsubsection.7.11.2.2}{\376\377\000t\000d\000s\000t\000a\000t\000e}{subsection.7.11.2}% 80
\BOOKMARK [0][-]{chapter.8}{\376\377\000F\000i\000l\000e\000\040\000D\000o\000c\000u\000m\000e\000n\000t\000a\000t\000i\000o\000n}{}% 81
\BOOKMARK [1][-]{section.8.1}{\376\377\000b\000c\000.\000f\000\040\000F\000i\000l\000e\000\040\000R\000e\000f\000e\000r\000e\000n\000c\000e}{chapter.8}% 82
\BOOKMARK [2][-]{subsection.8.1.1}{\376\377\000D\000e\000t\000a\000i\000l\000e\000d\000\040\000D\000e\000s\000c\000r\000i\000p\000t\000i\000o\000n}{section.8.1}% 83
\BOOKMARK [1][-]{section.8.2}{\376\377\000d\000i\000f\000f\000u\000s\000i\000v\000e\000\137\000c\000m\000t\000.\000f\000\040\000F\000i\000l\000e\000\040\000R\000e\000f\000e\000r\000e\000n\000c\000e}{chapter.8}% 84
\BOOKMARK [2][-]{subsection.8.2.1}{\376\377\000D\000e\000t\000a\000i\000l\000e\000d\000\040\000D\000e\000s\000c\000r\000i\000p\000t\000i\000o\000n}{section.8.2}% 85
\BOOKMARK [1][-]{section.8.3}{\376\377\000d\000r\000i\000v\000e\0001\000\137\000c\000m\000t\000.\000f\000\040\000F\000i\000l\000e\000\040\000R\000e\000f\000e\000r\000e\000n\000c\000e}{chapter.8}% 86
\BOOKMARK [2][-]{subsection.8.3.1}{\376\377\000D\000e\000t\000a\000i\000l\000e\000d\000\040\000D\000e\000s\000c\000r\000i\000p\000t\000i\000o\000n}{section.8.3}% 87
\BOOKMARK [2][-]{subsection.8.3.2}{\376\377\000F\000u\000n\000c\000t\000i\000o\000n\000/\000S\000u\000b\000r\000o\000u\000t\000i\000n\000e\000\040\000D\000o\000c\000u\000m\000e\000n\000t\000a\000t\000i\000o\000n}{section.8.3}% 88
\BOOKMARK [3][-]{subsubsection.8.3.2.1}{\376\377\000c\000m\000t\000\137\000n\000e\000k\000\137\000a\000d\000v\000a\000n\000c\000e}{subsection.8.3.2}% 89
\BOOKMARK [3][-]{subsubsection.8.3.2.2}{\376\377\000c\000o\000m\000p\000u\000t\000e\000\137\000r\000h\000s\000\137\000a\000n\000d\000\137\000d\000t}{subsection.8.3.2}% 90
\BOOKMARK [1][-]{section.8.4}{\376\377\000d\000r\000i\000v\000e\0002\000\137\000c\000m\000t\000.\000f\000\040\000F\000i\000l\000e\000\040\000R\000e\000f\000e\000r\000e\000n\000c\000e}{chapter.8}% 91
\BOOKMARK [2][-]{subsection.8.4.1}{\376\377\000D\000e\000t\000a\000i\000l\000e\000d\000\040\000D\000e\000s\000c\000r\000i\000p\000t\000i\000o\000n}{section.8.4}% 92
\BOOKMARK [1][-]{section.8.5}{\376\377\000d\000r\000i\000v\000e\000r\0003\000\137\000c\000m\000t\000.\000f\000\040\000F\000i\000l\000e\000\040\000R\000e\000f\000e\000r\000e\000n\000c\000e}{chapter.8}% 93
\BOOKMARK [2][-]{subsection.8.5.1}{\376\377\000D\000e\000t\000a\000i\000l\000e\000d\000\040\000D\000e\000s\000c\000r\000i\000p\000t\000i\000o\000n}{section.8.5}% 94
\BOOKMARK [1][-]{section.8.6}{\376\377\000e\000q\000n\000s\000o\000l\000v\000e\000r\000\137\000c\000m\000t\000.\000f\000\040\000F\000i\000l\000e\000\040\000R\000e\000f\000e\000r\000e\000n\000c\000e}{chapter.8}% 95
\BOOKMARK [2][-]{subsection.8.6.1}{\376\377\000D\000e\000t\000a\000i\000l\000e\000d\000\040\000D\000e\000s\000c\000r\000i\000p\000t\000i\000o\000n}{section.8.6}% 96
\BOOKMARK [1][-]{section.8.7}{\376\377\000f\000a\000c\000e\000.\000f\000\040\000F\000i\000l\000e\000\040\000R\000e\000f\000e\000r\000e\000n\000c\000e}{chapter.8}% 97
\BOOKMARK [2][-]{subsection.8.7.1}{\376\377\000D\000e\000t\000a\000i\000l\000e\000d\000\040\000D\000e\000s\000c\000r\000i\000p\000t\000i\000o\000n}{section.8.7}% 98
\BOOKMARK [1][-]{section.8.8}{\376\377\000f\000l\000u\000x\000f\000n\000.\000f\000\040\000F\000i\000l\000e\000\040\000R\000e\000f\000e\000r\000e\000n\000c\000e}{chapter.8}% 99
\BOOKMARK [2][-]{subsection.8.8.1}{\376\377\000D\000e\000t\000a\000i\000l\000e\000d\000\040\000D\000e\000s\000c\000r\000i\000p\000t\000i\000o\000n}{section.8.8}% 100
\BOOKMARK [1][-]{section.8.9}{\376\377\000i\000n\000t\000p\000d\000i\000f\000f\000.\000f\000\040\000F\000i\000l\000e\000\040\000R\000e\000f\000e\000r\000e\000n\000c\000e}{chapter.8}% 101
\BOOKMARK [2][-]{subsection.8.9.1}{\376\377\000D\000e\000t\000a\000i\000l\000e\000d\000\040\000D\000e\000s\000c\000r\000i\000p\000t\000i\000o\000n}{section.8.9}% 102
\BOOKMARK [2][-]{subsection.8.9.2}{\376\377\000F\000u\000n\000c\000t\000i\000o\000n\000/\000S\000u\000b\000r\000o\000u\000t\000i\000n\000e\000\040\000D\000o\000c\000u\000m\000e\000n\000t\000a\000t\000i\000o\000n}{section.8.9}% 103
\BOOKMARK [3][-]{subsubsection.8.9.2.1}{\376\377\000c\000h\000a\000i\000n\000r\000u\000l\000e\000\137\000m\000e\000t\000r\000i\000c\000s}{subsection.8.9.2}% 104
\BOOKMARK [3][-]{subsubsection.8.9.2.2}{\376\377\000c\000o\000m\000p\000u\000t\000e\000\137\000g\000r\000a\000d\000i\000e\000n\000t\000s}{subsection.8.9.2}% 105
\BOOKMARK [3][-]{subsubsection.8.9.2.3}{\376\377\000c\000o\000m\000p\000u\000t\000e\000\137\000g\000r\000a\000d\000i\000e\000n\000t\000s\000\137\000c\000o\000n\000t\000r\000a}{subsection.8.9.2}% 106
\BOOKMARK [3][-]{subsubsection.8.9.2.4}{\376\377\000s\000e\000t\000\137\000d\000e\000a\000l\000i\000a\000s\000\137\000f\000a\000c\000e}{subsection.8.9.2}% 107
\BOOKMARK [1][-]{section.8.10}{\376\377\000o\000u\000t\000f\000l\000o\000w\000\137\000b\000c\000.\000f\000\040\000F\000i\000l\000e\000\040\000R\000e\000f\000e\000r\000e\000n\000c\000e}{chapter.8}% 108
\BOOKMARK [2][-]{subsection.8.10.1}{\376\377\000D\000e\000t\000a\000i\000l\000e\000d\000\040\000D\000e\000s\000c\000r\000i\000p\000t\000i\000o\000n}{section.8.10}% 109
\BOOKMARK [2][-]{subsection.8.10.2}{\376\377\000F\000u\000n\000c\000t\000i\000o\000n\000/\000S\000u\000b\000r\000o\000u\000t\000i\000n\000e\000\040\000D\000o\000c\000u\000m\000e\000n\000t\000a\000t\000i\000o\000n}{section.8.10}% 110
\BOOKMARK [3][-]{subsubsection.8.10.2.1}{\376\377\000o\000u\000t\000f\000l\000o\000w}{subsection.8.10.2}% 111
\BOOKMARK [1][-]{section.8.11}{\376\377\000s\000t\000e\000p\000.\000f\000\040\000F\000i\000l\000e\000\040\000R\000e\000f\000e\000r\000e\000n\000c\000e}{chapter.8}% 112
\BOOKMARK [2][-]{subsection.8.11.1}{\376\377\000D\000e\000t\000a\000i\000l\000e\000d\000\040\000D\000e\000s\000c\000r\000i\000p\000t\000i\000o\000n}{section.8.11}% 113
\BOOKMARK [1][-]{section.8.12}{\376\377\000s\000u\000r\000f\000a\000c\000e\000\137\000f\000l\000u\000x\000e\000s\000.\000f\000\040\000F\000i\000l\000e\000\040\000R\000e\000f\000e\000r\000e\000n\000c\000e}{chapter.8}% 114
\BOOKMARK [2][-]{subsection.8.12.1}{\376\377\000D\000e\000t\000a\000i\000l\000e\000d\000\040\000D\000e\000s\000c\000r\000i\000p\000t\000i\000o\000n}{section.8.12}% 115
\BOOKMARK [1][-]{section.8.13}{\376\377\000w\000a\000l\000l\000\137\000b\000c\000.\000f\000\040\000F\000i\000l\000e\000\040\000R\000e\000f\000e\000r\000e\000n\000c\000e}{chapter.8}% 116
\BOOKMARK [2][-]{subsection.8.13.1}{\376\377\000D\000e\000t\000a\000i\000l\000e\000d\000\040\000D\000e\000s\000c\000r\000i\000p\000t\000i\000o\000n}{section.8.13}% 117
\BOOKMARK [-1][-]{section*.23}{\376\377\000I\000n\000d\000e\000x}{}% 118
