This is pdfTeX, Version 3.1415926-2.5-1.40.14 (TeX Live 2013) (format=pdflatex 2020.4.2)  31 AUG 2020 12:45
entering extended mode
 restricted \write18 enabled.
 %&-line parsing enabled.
**refman
(./refman.tex
LaTeX2e <2011/06/27>
Babel <v3.8m> and hyphenation patterns for english, dumylang, nohyphenation, ru
ssian, ukrainian, bulgarian, loaded.
(/usr/share/texlive/texmf-dist/tex/latex/base/book.cls
Document Class: book 2007/10/19 v1.4h Standard LaTeX document class
(/usr/share/texlive/texmf-dist/tex/latex/base/bk10.clo
File: bk10.clo 2007/10/19 v1.4h Standard LaTeX file (size option)
)
\c@part=\count79
\c@chapter=\count80
\c@section=\count81
\c@subsection=\count82
\c@subsubsection=\count83
\c@paragraph=\count84
\c@subparagraph=\count85
\c@figure=\count86
\c@table=\count87
\abovecaptionskip=\skip41
\belowcaptionskip=\skip42
\bibindent=\dimen102
)
(/usr/share/texlive/texmf-dist/tex/latex/tools/calc.sty
Package: calc 2007/08/22 v4.3 Infix arithmetic (KKT,FJ)
\calc@Acount=\count88
\calc@Bcount=\count89
\calc@Adimen=\dimen103
\calc@Bdimen=\dimen104
\calc@Askip=\skip43
\calc@Bskip=\skip44
LaTeX Info: Redefining \setlength on input line 76.
LaTeX Info: Redefining \addtolength on input line 77.
\calc@Ccount=\count90
\calc@Cskip=\skip45
) (./doxygen.sty
Package: doxygen 

(/usr/share/texlive/texmf-dist/tex/latex/base/alltt.sty
Package: alltt 1997/06/16 v2.0g defines alltt environment
)
(/usr/share/texlive/texmf-dist/tex/latex/tools/array.sty
Package: array 2008/09/09 v2.4c Tabular extension package (FMi)
\col@sep=\dimen105
\extrarowheight=\dimen106
\NC@list=\toks14
\extratabsurround=\skip46
\backup@length=\skip47
)
(/usr/share/texlive/texmf-dist/tex/latex/float/float.sty
Package: float 2001/11/08 v1.3d Float enhancements (AL)
\c@float@type=\count91
\float@exts=\toks15
\float@box=\box26
\@float@everytoks=\toks16
\@floatcapt=\box27
)
(/usr/share/texlive/texmf-dist/tex/latex/base/ifthen.sty
Package: ifthen 2001/05/26 v1.1c Standard LaTeX ifthen package (DPC)
)
(/usr/share/texlive/texmf-dist/tex/latex/tools/verbatim.sty
Package: verbatim 2003/08/22 v1.5q LaTeX2e package for verbatim enhancements
\every@verbatim=\toks17
\verbatim@line=\toks18
\verbatim@in@stream=\read1
)
(/usr/share/texlive/texmf-dist/tex/latex/xcolor/xcolor.sty
Package: xcolor 2007/01/21 v2.11 LaTeX color extensions (UK)

(/usr/share/texlive/texmf-dist/tex/latex/latexconfig/color.cfg
File: color.cfg 2007/01/18 v1.5 color configuration of teTeX/TeXLive
)
Package xcolor Info: Driver file: pdftex.def on input line 225.

(/usr/share/texlive/texmf-dist/tex/latex/pdftex-def/pdftex.def
File: pdftex.def 2011/05/27 v0.06d Graphics/color for pdfTeX

(/usr/share/texlive/texmf-dist/tex/generic/oberdiek/infwarerr.sty
Package: infwarerr 2010/04/08 v1.3 Providing info/warning/error messages (HO)
)
(/usr/share/texlive/texmf-dist/tex/generic/oberdiek/ltxcmds.sty
Package: ltxcmds 2011/11/09 v1.22 LaTeX kernel commands for general use (HO)
)
\Gread@gobject=\count92
)
(/usr/share/texlive/texmf-dist/tex/latex/colortbl/colortbl.sty
Package: colortbl 2012/02/13 v1.0a Color table columns (DPC)
\everycr=\toks19
\minrowclearance=\skip48
)
\rownum=\count93
Package xcolor Info: Model `cmy' substituted by `cmy0' on input line 1337.
Package xcolor Info: Model `hsb' substituted by `rgb' on input line 1341.
Package xcolor Info: Model `RGB' extended on input line 1353.
Package xcolor Info: Model `HTML' substituted by `rgb' on input line 1355.
Package xcolor Info: Model `Hsb' substituted by `hsb' on input line 1356.
Package xcolor Info: Model `tHsb' substituted by `hsb' on input line 1357.
Package xcolor Info: Model `HSB' substituted by `hsb' on input line 1358.
Package xcolor Info: Model `Gray' substituted by `gray' on input line 1359.
Package xcolor Info: Model `wave' substituted by `hsb' on input line 1360.
)
(/usr/share/texlive/texmf-dist/tex/latex/xtab/xtab.sty
Package: xtab 2011/07/31 v2.3f Extended supertabular package
\c@tracingst=\count94
\PWSTcapht=\dimen107
\ST@wd=\dimen108
\ST@rightskip=\skip49
\ST@leftskip=\skip50
\ST@parfillskip=\skip51
\c@PWSTtable=\count95
\PWSTlastpage=\count96
\PWSTpenultimate=\count97
\PWSTcurpage=\count98
\PWSTtempc=\count99
\PWSTlines=\count100
\PWST@lastht=\dimen109
\PWST@generalht=\dimen110
\PWST@ht=\dimen111
\ST@pageleft=\dimen112
\ST@headht=\dimen113
\ST@tailht=\dimen114
\ST@pagesofar=\dimen115
\ST@pboxht=\dimen116
\ST@lineht=\dimen117
\ST@stretchht=\dimen118
\ST@prevht=\dimen119
\ST@toadd=\dimen120
\ST@dimen=\dimen121
\ST@pbox=\box28
)
\xrefbox=\box29
\xreflength=\skip52
\tmplength=\skip53
)
(/usr/share/texlive/texmf-dist/tex/latex/graphics/graphicx.sty
Package: graphicx 1999/02/16 v1.0f Enhanced LaTeX Graphics (DPC,SPQR)

(/usr/share/texlive/texmf-dist/tex/latex/graphics/keyval.sty
Package: keyval 1999/03/16 v1.13 key=value parser (DPC)
\KV@toks@=\toks20
)
(/usr/share/texlive/texmf-dist/tex/latex/graphics/graphics.sty
Package: graphics 2009/02/05 v1.0o Standard LaTeX Graphics (DPC,SPQR)

(/usr/share/texlive/texmf-dist/tex/latex/graphics/trig.sty
Package: trig 1999/03/16 v1.09 sin cos tan (DPC)
)
(/usr/share/texlive/texmf-dist/tex/latex/latexconfig/graphics.cfg
File: graphics.cfg 2010/04/23 v1.9 graphics configuration of TeX Live
)
Package graphics Info: Driver file: pdftex.def on input line 91.
)
\Gin@req@height=\dimen122
\Gin@req@width=\dimen123
)
(/usr/share/texlive/texmf-dist/tex/latex/base/inputenc.sty
Package: inputenc 2008/03/30 v1.1d Input encoding file
\inpenc@prehook=\toks21
\inpenc@posthook=\toks22

(/usr/share/texlive/texmf-dist/tex/latex/base/utf8.def
File: utf8.def 2008/04/05 v1.1m UTF-8 support for inputenc
Now handling font encoding OML ...
... no UTF-8 mapping file for font encoding OML
Now handling font encoding T1 ...
... processing UTF-8 mapping file for font encoding T1

(/usr/share/texlive/texmf-dist/tex/latex/base/t1enc.dfu
File: t1enc.dfu 2008/04/05 v1.1m UTF-8 support for inputenc
   defining Unicode char U+00A1 (decimal 161)
   defining Unicode char U+00A3 (decimal 163)
   defining Unicode char U+00AB (decimal 171)
   defining Unicode char U+00BB (decimal 187)
   defining Unicode char U+00BF (decimal 191)
   defining Unicode char U+00C0 (decimal 192)
   defining Unicode char U+00C1 (decimal 193)
   defining Unicode char U+00C2 (decimal 194)
   defining Unicode char U+00C3 (decimal 195)
   defining Unicode char U+00C4 (decimal 196)
   defining Unicode char U+00C5 (decimal 197)
   defining Unicode char U+00C6 (decimal 198)
   defining Unicode char U+00C7 (decimal 199)
   defining Unicode char U+00C8 (decimal 200)
   defining Unicode char U+00C9 (decimal 201)
   defining Unicode char U+00CA (decimal 202)
   defining Unicode char U+00CB (decimal 203)
   defining Unicode char U+00CC (decimal 204)
   defining Unicode char U+00CD (decimal 205)
   defining Unicode char U+00CE (decimal 206)
   defining Unicode char U+00CF (decimal 207)
   defining Unicode char U+00D0 (decimal 208)
   defining Unicode char U+00D1 (decimal 209)
   defining Unicode char U+00D2 (decimal 210)
   defining Unicode char U+00D3 (decimal 211)
   defining Unicode char U+00D4 (decimal 212)
   defining Unicode char U+00D5 (decimal 213)
   defining Unicode char U+00D6 (decimal 214)
   defining Unicode char U+00D8 (decimal 216)
   defining Unicode char U+00D9 (decimal 217)
   defining Unicode char U+00DA (decimal 218)
   defining Unicode char U+00DB (decimal 219)
   defining Unicode char U+00DC (decimal 220)
   defining Unicode char U+00DD (decimal 221)
   defining Unicode char U+00DE (decimal 222)
   defining Unicode char U+00DF (decimal 223)
   defining Unicode char U+00E0 (decimal 224)
   defining Unicode char U+00E1 (decimal 225)
   defining Unicode char U+00E2 (decimal 226)
   defining Unicode char U+00E3 (decimal 227)
   defining Unicode char U+00E4 (decimal 228)
   defining Unicode char U+00E5 (decimal 229)
   defining Unicode char U+00E6 (decimal 230)
   defining Unicode char U+00E7 (decimal 231)
   defining Unicode char U+00E8 (decimal 232)
   defining Unicode char U+00E9 (decimal 233)
   defining Unicode char U+00EA (decimal 234)
   defining Unicode char U+00EB (decimal 235)
   defining Unicode char U+00EC (decimal 236)
   defining Unicode char U+00ED (decimal 237)
   defining Unicode char U+00EE (decimal 238)
   defining Unicode char U+00EF (decimal 239)
   defining Unicode char U+00F0 (decimal 240)
   defining Unicode char U+00F1 (decimal 241)
   defining Unicode char U+00F2 (decimal 242)
   defining Unicode char U+00F3 (decimal 243)
   defining Unicode char U+00F4 (decimal 244)
   defining Unicode char U+00F5 (decimal 245)
   defining Unicode char U+00F6 (decimal 246)
   defining Unicode char U+00F8 (decimal 248)
   defining Unicode char U+00F9 (decimal 249)
   defining Unicode char U+00FA (decimal 250)
   defining Unicode char U+00FB (decimal 251)
   defining Unicode char U+00FC (decimal 252)
   defining Unicode char U+00FD (decimal 253)
   defining Unicode char U+00FE (decimal 254)
   defining Unicode char U+00FF (decimal 255)
   defining Unicode char U+0102 (decimal 258)
   defining Unicode char U+0103 (decimal 259)
   defining Unicode char U+0104 (decimal 260)
   defining Unicode char U+0105 (decimal 261)
   defining Unicode char U+0106 (decimal 262)
   defining Unicode char U+0107 (decimal 263)
   defining Unicode char U+010C (decimal 268)
   defining Unicode char U+010D (decimal 269)
   defining Unicode char U+010E (decimal 270)
   defining Unicode char U+010F (decimal 271)
   defining Unicode char U+0110 (decimal 272)
   defining Unicode char U+0111 (decimal 273)
   defining Unicode char U+0118 (decimal 280)
   defining Unicode char U+0119 (decimal 281)
   defining Unicode char U+011A (decimal 282)
   defining Unicode char U+011B (decimal 283)
   defining Unicode char U+011E (decimal 286)
   defining Unicode char U+011F (decimal 287)
   defining Unicode char U+0130 (decimal 304)
   defining Unicode char U+0131 (decimal 305)
   defining Unicode char U+0132 (decimal 306)
   defining Unicode char U+0133 (decimal 307)
   defining Unicode char U+0139 (decimal 313)
   defining Unicode char U+013A (decimal 314)
   defining Unicode char U+013D (decimal 317)
   defining Unicode char U+013E (decimal 318)
   defining Unicode char U+0141 (decimal 321)
   defining Unicode char U+0142 (decimal 322)
   defining Unicode char U+0143 (decimal 323)
   defining Unicode char U+0144 (decimal 324)
   defining Unicode char U+0147 (decimal 327)
   defining Unicode char U+0148 (decimal 328)
   defining Unicode char U+014A (decimal 330)
   defining Unicode char U+014B (decimal 331)
   defining Unicode char U+0150 (decimal 336)
   defining Unicode char U+0151 (decimal 337)
   defining Unicode char U+0152 (decimal 338)
   defining Unicode char U+0153 (decimal 339)
   defining Unicode char U+0154 (decimal 340)
   defining Unicode char U+0155 (decimal 341)
   defining Unicode char U+0158 (decimal 344)
   defining Unicode char U+0159 (decimal 345)
   defining Unicode char U+015A (decimal 346)
   defining Unicode char U+015B (decimal 347)
   defining Unicode char U+015E (decimal 350)
   defining Unicode char U+015F (decimal 351)
   defining Unicode char U+0160 (decimal 352)
   defining Unicode char U+0161 (decimal 353)
   defining Unicode char U+0162 (decimal 354)
   defining Unicode char U+0163 (decimal 355)
   defining Unicode char U+0164 (decimal 356)
   defining Unicode char U+0165 (decimal 357)
   defining Unicode char U+016E (decimal 366)
   defining Unicode char U+016F (decimal 367)
   defining Unicode char U+0170 (decimal 368)
   defining Unicode char U+0171 (decimal 369)
   defining Unicode char U+0178 (decimal 376)
   defining Unicode char U+0179 (decimal 377)
   defining Unicode char U+017A (decimal 378)
   defining Unicode char U+017B (decimal 379)
   defining Unicode char U+017C (decimal 380)
   defining Unicode char U+017D (decimal 381)
   defining Unicode char U+017E (decimal 382)
   defining Unicode char U+200C (decimal 8204)
   defining Unicode char U+2013 (decimal 8211)
   defining Unicode char U+2014 (decimal 8212)
   defining Unicode char U+2018 (decimal 8216)
   defining Unicode char U+2019 (decimal 8217)
   defining Unicode char U+201A (decimal 8218)
   defining Unicode char U+201C (decimal 8220)
   defining Unicode char U+201D (decimal 8221)
   defining Unicode char U+201E (decimal 8222)
   defining Unicode char U+2030 (decimal 8240)
   defining Unicode char U+2031 (decimal 8241)
   defining Unicode char U+2039 (decimal 8249)
   defining Unicode char U+203A (decimal 8250)
   defining Unicode char U+2423 (decimal 9251)
)
Now handling font encoding OT1 ...
... processing UTF-8 mapping file for font encoding OT1

(/usr/share/texlive/texmf-dist/tex/latex/base/ot1enc.dfu
File: ot1enc.dfu 2008/04/05 v1.1m UTF-8 support for inputenc
   defining Unicode char U+00A1 (decimal 161)
   defining Unicode char U+00A3 (decimal 163)
   defining Unicode char U+00B8 (decimal 184)
   defining Unicode char U+00BF (decimal 191)
   defining Unicode char U+00C5 (decimal 197)
   defining Unicode char U+00C6 (decimal 198)
   defining Unicode char U+00D8 (decimal 216)
   defining Unicode char U+00DF (decimal 223)
   defining Unicode char U+00E6 (decimal 230)
   defining Unicode char U+00EC (decimal 236)
   defining Unicode char U+00ED (decimal 237)
   defining Unicode char U+00EE (decimal 238)
   defining Unicode char U+00EF (decimal 239)
   defining Unicode char U+00F8 (decimal 248)
   defining Unicode char U+0131 (decimal 305)
   defining Unicode char U+0141 (decimal 321)
   defining Unicode char U+0142 (decimal 322)
   defining Unicode char U+0152 (decimal 338)
   defining Unicode char U+0153 (decimal 339)
   defining Unicode char U+2013 (decimal 8211)
   defining Unicode char U+2014 (decimal 8212)
   defining Unicode char U+2018 (decimal 8216)
   defining Unicode char U+2019 (decimal 8217)
   defining Unicode char U+201C (decimal 8220)
   defining Unicode char U+201D (decimal 8221)
)
Now handling font encoding OMS ...
... processing UTF-8 mapping file for font encoding OMS

(/usr/share/texlive/texmf-dist/tex/latex/base/omsenc.dfu
File: omsenc.dfu 2008/04/05 v1.1m UTF-8 support for inputenc
   defining Unicode char U+00A7 (decimal 167)
   defining Unicode char U+00B6 (decimal 182)
   defining Unicode char U+00B7 (decimal 183)
   defining Unicode char U+2020 (decimal 8224)
   defining Unicode char U+2021 (decimal 8225)
   defining Unicode char U+2022 (decimal 8226)
)
Now handling font encoding OMX ...
... no UTF-8 mapping file for font encoding OMX
Now handling font encoding U ...
... no UTF-8 mapping file for font encoding U
   defining Unicode char U+00A9 (decimal 169)
   defining Unicode char U+00AA (decimal 170)
   defining Unicode char U+00AE (decimal 174)
   defining Unicode char U+00BA (decimal 186)
   defining Unicode char U+02C6 (decimal 710)
   defining Unicode char U+02DC (decimal 732)
   defining Unicode char U+200C (decimal 8204)
   defining Unicode char U+2026 (decimal 8230)
   defining Unicode char U+2122 (decimal 8482)
   defining Unicode char U+2423 (decimal 9251)
))
(/usr/share/texlive/texmf-dist/tex/latex/base/makeidx.sty
Package: makeidx 2000/03/29 v1.0m Standard LaTeX package
)
(/usr/share/texlive/texmf-dist/tex/latex/tools/multicol.sty
Package: multicol 2011/06/27 v1.7a multicolumn formatting (FMi)
\c@tracingmulticols=\count101
\mult@box=\box30
\multicol@leftmargin=\dimen124
\c@unbalance=\count102
\c@collectmore=\count103
\doublecol@number=\count104
\multicoltolerance=\count105
\multicolpretolerance=\count106
\full@width=\dimen125
\page@free=\dimen126
\premulticols=\dimen127
\postmulticols=\dimen128
\multicolsep=\skip54
\multicolbaselineskip=\skip55
\partial@page=\box31
\last@line=\box32
\mult@rightbox=\box33
\mult@grightbox=\box34
\mult@gfirstbox=\box35
\mult@firstbox=\box36
\@tempa=\box37
\@tempa=\box38
\@tempa=\box39
\@tempa=\box40
\@tempa=\box41
\@tempa=\box42
\@tempa=\box43
\@tempa=\box44
\@tempa=\box45
\@tempa=\box46
\@tempa=\box47
\@tempa=\box48
\@tempa=\box49
\@tempa=\box50
\@tempa=\box51
\@tempa=\box52
\@tempa=\box53
\c@columnbadness=\count107
\c@finalcolumnbadness=\count108
\last@try=\dimen129
\multicolovershoot=\dimen130
\multicolundershoot=\dimen131
\mult@nat@firstbox=\box54
\colbreak@box=\box55
\multicol@sort@counter=\count109
)
(/usr/share/texlive/texmf-dist/tex/latex/multirow/multirow.sty
\bigstrutjot=\dimen132
)
(/usr/share/texlive/texmf-dist/tex/latex/base/textcomp.sty
Package: textcomp 2005/09/27 v1.99g Standard LaTeX package
Package textcomp Info: Sub-encoding information:
(textcomp)               5 = only ISO-Adobe without \textcurrency
(textcomp)               4 = 5 + \texteuro
(textcomp)               3 = 4 + \textohm
(textcomp)               2 = 3 + \textestimated + \textcurrency
(textcomp)               1 = TS1 - \textcircled - \t
(textcomp)               0 = TS1 (full)
(textcomp)             Font families with sub-encoding setting implement
(textcomp)             only a restricted character set as indicated.
(textcomp)             Family '?' is the default used for unknown fonts.
(textcomp)             See the documentation for details.
Package textcomp Info: Setting ? sub-encoding to TS1/1 on input line 71.

(/usr/share/texlive/texmf-dist/tex/latex/base/ts1enc.def
File: ts1enc.def 2001/06/05 v3.0e (jk/car/fm) Standard LaTeX file
Now handling font encoding TS1 ...
... processing UTF-8 mapping file for font encoding TS1

(/usr/share/texlive/texmf-dist/tex/latex/base/ts1enc.dfu
File: ts1enc.dfu 2008/04/05 v1.1m UTF-8 support for inputenc
   defining Unicode char U+00A2 (decimal 162)
   defining Unicode char U+00A3 (decimal 163)
   defining Unicode char U+00A4 (decimal 164)
   defining Unicode char U+00A5 (decimal 165)
   defining Unicode char U+00A6 (decimal 166)
   defining Unicode char U+00A7 (decimal 167)
   defining Unicode char U+00A8 (decimal 168)
   defining Unicode char U+00A9 (decimal 169)
   defining Unicode char U+00AA (decimal 170)
   defining Unicode char U+00AC (decimal 172)
   defining Unicode char U+00AE (decimal 174)
   defining Unicode char U+00AF (decimal 175)
   defining Unicode char U+00B0 (decimal 176)
   defining Unicode char U+00B1 (decimal 177)
   defining Unicode char U+00B2 (decimal 178)
   defining Unicode char U+00B3 (decimal 179)
   defining Unicode char U+00B4 (decimal 180)
   defining Unicode char U+00B5 (decimal 181)
   defining Unicode char U+00B6 (decimal 182)
   defining Unicode char U+00B7 (decimal 183)
   defining Unicode char U+00B9 (decimal 185)
   defining Unicode char U+00BA (decimal 186)
   defining Unicode char U+00BC (decimal 188)
   defining Unicode char U+00BD (decimal 189)
   defining Unicode char U+00BE (decimal 190)
   defining Unicode char U+00D7 (decimal 215)
   defining Unicode char U+00F7 (decimal 247)
   defining Unicode char U+0192 (decimal 402)
   defining Unicode char U+02C7 (decimal 711)
   defining Unicode char U+02D8 (decimal 728)
   defining Unicode char U+02DD (decimal 733)
   defining Unicode char U+0E3F (decimal 3647)
   defining Unicode char U+2016 (decimal 8214)
   defining Unicode char U+2020 (decimal 8224)
   defining Unicode char U+2021 (decimal 8225)
   defining Unicode char U+2022 (decimal 8226)
   defining Unicode char U+2030 (decimal 8240)
   defining Unicode char U+2031 (decimal 8241)
   defining Unicode char U+203B (decimal 8251)
   defining Unicode char U+203D (decimal 8253)
   defining Unicode char U+2044 (decimal 8260)
   defining Unicode char U+204E (decimal 8270)
   defining Unicode char U+2052 (decimal 8274)
   defining Unicode char U+20A1 (decimal 8353)
   defining Unicode char U+20A4 (decimal 8356)
   defining Unicode char U+20A6 (decimal 8358)
   defining Unicode char U+20A9 (decimal 8361)
   defining Unicode char U+20AB (decimal 8363)
   defining Unicode char U+20AC (decimal 8364)
   defining Unicode char U+20B1 (decimal 8369)
   defining Unicode char U+2103 (decimal 8451)
   defining Unicode char U+2116 (decimal 8470)
   defining Unicode char U+2117 (decimal 8471)
   defining Unicode char U+211E (decimal 8478)
   defining Unicode char U+2120 (decimal 8480)
   defining Unicode char U+2122 (decimal 8482)
   defining Unicode char U+2126 (decimal 8486)
   defining Unicode char U+2127 (decimal 8487)
   defining Unicode char U+212E (decimal 8494)
   defining Unicode char U+2190 (decimal 8592)
   defining Unicode char U+2191 (decimal 8593)
   defining Unicode char U+2192 (decimal 8594)
   defining Unicode char U+2193 (decimal 8595)
   defining Unicode char U+2329 (decimal 9001)
   defining Unicode char U+232A (decimal 9002)
   defining Unicode char U+2422 (decimal 9250)
   defining Unicode char U+25E6 (decimal 9702)
   defining Unicode char U+25EF (decimal 9711)
   defining Unicode char U+266A (decimal 9834)
))
LaTeX Info: Redefining \oldstylenums on input line 266.
Package textcomp Info: Setting cmr sub-encoding to TS1/0 on input line 281.
Package textcomp Info: Setting cmss sub-encoding to TS1/0 on input line 282.
Package textcomp Info: Setting cmtt sub-encoding to TS1/0 on input line 283.
Package textcomp Info: Setting cmvtt sub-encoding to TS1/0 on input line 284.
Package textcomp Info: Setting cmbr sub-encoding to TS1/0 on input line 285.
Package textcomp Info: Setting cmtl sub-encoding to TS1/0 on input line 286.
Package textcomp Info: Setting ccr sub-encoding to TS1/0 on input line 287.
Package textcomp Info: Setting ptm sub-encoding to TS1/4 on input line 288.
Package textcomp Info: Setting pcr sub-encoding to TS1/4 on input line 289.
Package textcomp Info: Setting phv sub-encoding to TS1/4 on input line 290.
Package textcomp Info: Setting ppl sub-encoding to TS1/3 on input line 291.
Package textcomp Info: Setting pag sub-encoding to TS1/4 on input line 292.
Package textcomp Info: Setting pbk sub-encoding to TS1/4 on input line 293.
Package textcomp Info: Setting pnc sub-encoding to TS1/4 on input line 294.
Package textcomp Info: Setting pzc sub-encoding to TS1/4 on input line 295.
Package textcomp Info: Setting bch sub-encoding to TS1/4 on input line 296.
Package textcomp Info: Setting put sub-encoding to TS1/5 on input line 297.
Package textcomp Info: Setting uag sub-encoding to TS1/5 on input line 298.
Package textcomp Info: Setting ugq sub-encoding to TS1/5 on input line 299.
Package textcomp Info: Setting ul8 sub-encoding to TS1/4 on input line 300.
Package textcomp Info: Setting ul9 sub-encoding to TS1/4 on input line 301.
Package textcomp Info: Setting augie sub-encoding to TS1/5 on input line 302.
Package textcomp Info: Setting dayrom sub-encoding to TS1/3 on input line 303.
Package textcomp Info: Setting dayroms sub-encoding to TS1/3 on input line 304.

Package textcomp Info: Setting pxr sub-encoding to TS1/0 on input line 305.
Package textcomp Info: Setting pxss sub-encoding to TS1/0 on input line 306.
Package textcomp Info: Setting pxtt sub-encoding to TS1/0 on input line 307.
Package textcomp Info: Setting txr sub-encoding to TS1/0 on input line 308.
Package textcomp Info: Setting txss sub-encoding to TS1/0 on input line 309.
Package textcomp Info: Setting txtt sub-encoding to TS1/0 on input line 310.
Package textcomp Info: Setting lmr sub-encoding to TS1/0 on input line 311.
Package textcomp Info: Setting lmdh sub-encoding to TS1/0 on input line 312.
Package textcomp Info: Setting lmss sub-encoding to TS1/0 on input line 313.
Package textcomp Info: Setting lmssq sub-encoding to TS1/0 on input line 314.
Package textcomp Info: Setting lmvtt sub-encoding to TS1/0 on input line 315.
Package textcomp Info: Setting qhv sub-encoding to TS1/0 on input line 316.
Package textcomp Info: Setting qag sub-encoding to TS1/0 on input line 317.
Package textcomp Info: Setting qbk sub-encoding to TS1/0 on input line 318.
Package textcomp Info: Setting qcr sub-encoding to TS1/0 on input line 319.
Package textcomp Info: Setting qcs sub-encoding to TS1/0 on input line 320.
Package textcomp Info: Setting qpl sub-encoding to TS1/0 on input line 321.
Package textcomp Info: Setting qtm sub-encoding to TS1/0 on input line 322.
Package textcomp Info: Setting qzc sub-encoding to TS1/0 on input line 323.
Package textcomp Info: Setting qhvc sub-encoding to TS1/0 on input line 324.
Package textcomp Info: Setting futs sub-encoding to TS1/4 on input line 325.
Package textcomp Info: Setting futx sub-encoding to TS1/4 on input line 326.
Package textcomp Info: Setting futj sub-encoding to TS1/4 on input line 327.
Package textcomp Info: Setting hlh sub-encoding to TS1/3 on input line 328.
Package textcomp Info: Setting hls sub-encoding to TS1/3 on input line 329.
Package textcomp Info: Setting hlst sub-encoding to TS1/3 on input line 330.
Package textcomp Info: Setting hlct sub-encoding to TS1/5 on input line 331.
Package textcomp Info: Setting hlx sub-encoding to TS1/5 on input line 332.
Package textcomp Info: Setting hlce sub-encoding to TS1/5 on input line 333.
Package textcomp Info: Setting hlcn sub-encoding to TS1/5 on input line 334.
Package textcomp Info: Setting hlcw sub-encoding to TS1/5 on input line 335.
Package textcomp Info: Setting hlcf sub-encoding to TS1/5 on input line 336.
Package textcomp Info: Setting pplx sub-encoding to TS1/3 on input line 337.
Package textcomp Info: Setting pplj sub-encoding to TS1/3 on input line 338.
Package textcomp Info: Setting ptmx sub-encoding to TS1/4 on input line 339.
Package textcomp Info: Setting ptmj sub-encoding to TS1/4 on input line 340.
)
(/usr/share/texlive/texmf-dist/tex/latex/base/fontenc.sty
Package: fontenc 2005/09/27 v1.99g Standard LaTeX package

(/usr/share/texlive/texmf-dist/tex/latex/base/t1enc.def
File: t1enc.def 2005/09/27 v1.99g Standard LaTeX file
LaTeX Font Info:    Redeclaring font encoding T1 on input line 43.
))
(/usr/share/texlive/texmf-dist/tex/latex/psnfss/mathptmx.sty
Package: mathptmx 2005/04/12 PSNFSS-v9.2a Times w/ Math, improved (SPQR, WaS) 
LaTeX Font Info:    Redeclaring symbol font `operators' on input line 28.
LaTeX Font Info:    Overwriting symbol font `operators' in version `normal'
(Font)                  OT1/cmr/m/n --> OT1/ztmcm/m/n on input line 28.
LaTeX Font Info:    Overwriting symbol font `operators' in version `bold'
(Font)                  OT1/cmr/bx/n --> OT1/ztmcm/m/n on input line 28.
LaTeX Font Info:    Redeclaring symbol font `letters' on input line 29.
LaTeX Font Info:    Overwriting symbol font `letters' in version `normal'
(Font)                  OML/cmm/m/it --> OML/ztmcm/m/it on input line 29.
LaTeX Font Info:    Overwriting symbol font `letters' in version `bold'
(Font)                  OML/cmm/b/it --> OML/ztmcm/m/it on input line 29.
LaTeX Font Info:    Redeclaring symbol font `symbols' on input line 30.
LaTeX Font Info:    Overwriting symbol font `symbols' in version `normal'
(Font)                  OMS/cmsy/m/n --> OMS/ztmcm/m/n on input line 30.
LaTeX Font Info:    Overwriting symbol font `symbols' in version `bold'
(Font)                  OMS/cmsy/b/n --> OMS/ztmcm/m/n on input line 30.
LaTeX Font Info:    Redeclaring symbol font `largesymbols' on input line 31.
LaTeX Font Info:    Overwriting symbol font `largesymbols' in version `normal'
(Font)                  OMX/cmex/m/n --> OMX/ztmcm/m/n on input line 31.
LaTeX Font Info:    Overwriting symbol font `largesymbols' in version `bold'
(Font)                  OMX/cmex/m/n --> OMX/ztmcm/m/n on input line 31.
\symbold=\mathgroup4
\symitalic=\mathgroup5
LaTeX Font Info:    Redeclaring math alphabet \mathbf on input line 34.
LaTeX Font Info:    Overwriting math alphabet `\mathbf' in version `normal'
(Font)                  OT1/cmr/bx/n --> OT1/ptm/bx/n on input line 34.
LaTeX Font Info:    Overwriting math alphabet `\mathbf' in version `bold'
(Font)                  OT1/cmr/bx/n --> OT1/ptm/bx/n on input line 34.
LaTeX Font Info:    Redeclaring math alphabet \mathit on input line 35.
LaTeX Font Info:    Overwriting math alphabet `\mathit' in version `normal'
(Font)                  OT1/cmr/m/it --> OT1/ptm/m/it on input line 35.
LaTeX Font Info:    Overwriting math alphabet `\mathit' in version `bold'
(Font)                  OT1/cmr/bx/it --> OT1/ptm/m/it on input line 35.
LaTeX Info: Redefining \hbar on input line 50.
)
(/usr/share/texlive/texmf-dist/tex/latex/psnfss/helvet.sty
Package: helvet 2005/04/12 PSNFSS-v9.2a (WaS) 
)
(/usr/share/texlive/texmf-dist/tex/latex/psnfss/courier.sty
Package: courier 2005/04/12 PSNFSS-v9.2a (WaS) 
)
(/usr/share/texlive/texmf-dist/tex/latex/amsfonts/amssymb.sty
Package: amssymb 2013/01/14 v3.01 AMS font symbols

(/usr/share/texlive/texmf-dist/tex/latex/amsfonts/amsfonts.sty
Package: amsfonts 2013/01/14 v3.01 Basic AMSFonts support
\@emptytoks=\toks23
\symAMSa=\mathgroup6
\symAMSb=\mathgroup7
LaTeX Font Info:    Overwriting math alphabet `\mathfrak' in version `bold'
(Font)                  U/euf/m/n --> U/euf/b/n on input line 106.
))
(/usr/share/texlive/texmf-dist/tex/latex/sectsty/sectsty.sty
Package: sectsty 2002/02/25 v2.0.2 Commands to change all sectional heading sty
les
)
(/usr/share/texlive/texmf-dist/tex/latex/geometry/geometry.sty
Package: geometry 2010/09/12 v5.6 Page Geometry

(/usr/share/texlive/texmf-dist/tex/generic/oberdiek/ifpdf.sty
Package: ifpdf 2011/01/30 v2.3 Provides the ifpdf switch (HO)
Package ifpdf Info: pdfTeX in PDF mode is detected.
)
(/usr/share/texlive/texmf-dist/tex/generic/oberdiek/ifvtex.sty
Package: ifvtex 2010/03/01 v1.5 Detect VTeX and its facilities (HO)
Package ifvtex Info: VTeX not detected.
)
(/usr/share/texlive/texmf-dist/tex/generic/ifxetex/ifxetex.sty
Package: ifxetex 2010/09/12 v0.6 Provides ifxetex conditional
)
\Gm@cnth=\count110
\Gm@cntv=\count111
\c@Gm@tempcnt=\count112
\Gm@bindingoffset=\dimen133
\Gm@wd@mp=\dimen134
\Gm@odd@mp=\dimen135
\Gm@even@mp=\dimen136
\Gm@layoutwidth=\dimen137
\Gm@layoutheight=\dimen138
\Gm@layouthoffset=\dimen139
\Gm@layoutvoffset=\dimen140
\Gm@dimlist=\toks24
)
(/usr/share/texlive/texmf-dist/tex/latex/fancyhdr/fancyhdr.sty
\fancy@headwidth=\skip56
\f@ncyO@elh=\skip57
\f@ncyO@erh=\skip58
\f@ncyO@olh=\skip59
\f@ncyO@orh=\skip60
\f@ncyO@elf=\skip61
\f@ncyO@erf=\skip62
\f@ncyO@olf=\skip63
\f@ncyO@orf=\skip64
)
(/usr/share/texlive/texmf-dist/tex/latex/natbib/natbib.sty
Package: natbib 2010/09/13 8.31b (PWD, AO)
\bibhang=\skip65
\bibsep=\skip66
LaTeX Info: Redefining \cite on input line 694.
\c@NAT@ctr=\count113
)
(/usr/share/texlive/texmf-dist/tex/latex/tocloft/tocloft.sty
Package: tocloft 2010/10/13 v2.3e parameterised ToC, etc., typesetting
Package tocloft Info: The document has chapter divisions on input line 43.
\cftparskip=\skip67
\cftbeforetoctitleskip=\skip68
\cftaftertoctitleskip=\skip69
\cftbeforepartskip=\skip70
\cftpartnumwidth=\skip71
\cftpartindent=\skip72
\cftbeforechapskip=\skip73
\cftchapindent=\skip74
\cftchapnumwidth=\skip75
\cftbeforesecskip=\skip76
\cftsecindent=\skip77
\cftsecnumwidth=\skip78
\cftbeforesubsecskip=\skip79
\cftsubsecindent=\skip80
\cftsubsecnumwidth=\skip81
\cftbeforesubsubsecskip=\skip82
\cftsubsubsecindent=\skip83
\cftsubsubsecnumwidth=\skip84
\cftbeforeparaskip=\skip85
\cftparaindent=\skip86
\cftparanumwidth=\skip87
\cftbeforesubparaskip=\skip88
\cftsubparaindent=\skip89
\cftsubparanumwidth=\skip90
\cftbeforeloftitleskip=\skip91
\cftafterloftitleskip=\skip92
\cftbeforefigskip=\skip93
\cftfigindent=\skip94
\cftfignumwidth=\skip95
\c@lofdepth=\count114
\c@lotdepth=\count115
\cftbeforelottitleskip=\skip96
\cftafterlottitleskip=\skip97
\cftbeforetabskip=\skip98
\cfttabindent=\skip99
\cfttabnumwidth=\skip100
)
\@indexfile=\write3
\openout3 = `refman.idx'.


Writing index file refman.idx
(/usr/share/texlive/texmf-dist/tex/latex/amsmath/amsmath.sty
Package: amsmath 2013/01/14 v2.14 AMS math features
\@mathmargin=\skip101

For additional information on amsmath, use the `?' option.
(/usr/share/texlive/texmf-dist/tex/latex/amsmath/amstext.sty
Package: amstext 2000/06/29 v2.01

(/usr/share/texlive/texmf-dist/tex/latex/amsmath/amsgen.sty
File: amsgen.sty 1999/11/30 v2.0
\@emptytoks=\toks25
\ex@=\dimen141
))
(/usr/share/texlive/texmf-dist/tex/latex/amsmath/amsbsy.sty
Package: amsbsy 1999/11/29 v1.2d
\pmbraise@=\dimen142
)
(/usr/share/texlive/texmf-dist/tex/latex/amsmath/amsopn.sty
Package: amsopn 1999/12/14 v2.01 operator names
)
\inf@bad=\count116
LaTeX Info: Redefining \frac on input line 210.
\uproot@=\count117
\leftroot@=\count118
LaTeX Info: Redefining \overline on input line 306.
\classnum@=\count119
\DOTSCASE@=\count120
LaTeX Info: Redefining \ldots on input line 378.
LaTeX Info: Redefining \dots on input line 381.
LaTeX Info: Redefining \cdots on input line 466.
\Mathstrutbox@=\box56
\strutbox@=\box57
\big@size=\dimen143
LaTeX Font Info:    Redeclaring font encoding OML on input line 566.
LaTeX Font Info:    Redeclaring font encoding OMS on input line 567.
\macc@depth=\count121
\c@MaxMatrixCols=\count122
\dotsspace@=\muskip10
\c@parentequation=\count123
\dspbrk@lvl=\count124
\tag@help=\toks26
\row@=\count125
\column@=\count126
\maxfields@=\count127
\andhelp@=\toks27
\eqnshift@=\dimen144
\alignsep@=\dimen145
\tagshift@=\dimen146
\tagwidth@=\dimen147
\totwidth@=\dimen148
\lineht@=\dimen149
\@envbody=\toks28
\multlinegap=\skip102
\multlinetaggap=\skip103
\mathdisplay@stack=\toks29
LaTeX Info: Redefining \[ on input line 2665.
LaTeX Info: Redefining \] on input line 2666.
)
(/usr/share/texlive/texmf-dist/tex/latex/jknapltx/mathrsfs.sty
Package: mathrsfs 1996/01/01 Math RSFS package v1.0 (jk)
\symrsfs=\mathgroup8
)
(/usr/share/texlive/texmf-dist/tex/latex/hyperref/hyperref.sty
Package: hyperref 2012/11/06 v6.83m Hypertext links for LaTeX

(/usr/share/texlive/texmf-dist/tex/generic/oberdiek/hobsub-hyperref.sty
Package: hobsub-hyperref 2012/05/28 v1.13 Bundle oberdiek, subset hyperref (HO)


(/usr/share/texlive/texmf-dist/tex/generic/oberdiek/hobsub-generic.sty
Package: hobsub-generic 2012/05/28 v1.13 Bundle oberdiek, subset generic (HO)
Package: hobsub 2012/05/28 v1.13 Construct package bundles (HO)
Package hobsub Info: Skipping package `infwarerr' (already loaded).
Package hobsub Info: Skipping package `ltxcmds' (already loaded).
Package: ifluatex 2010/03/01 v1.3 Provides the ifluatex switch (HO)
Package ifluatex Info: LuaTeX not detected.
Package hobsub Info: Skipping package `ifvtex' (already loaded).
Package: intcalc 2007/09/27 v1.1 Expandable calculations with integers (HO)
Package hobsub Info: Skipping package `ifpdf' (already loaded).
Package: etexcmds 2011/02/16 v1.5 Avoid name clashes with e-TeX commands (HO)
Package etexcmds Info: Could not find \expanded.
(etexcmds)             That can mean that you are not using pdfTeX 1.50 or
(etexcmds)             that some package has redefined \expanded.
(etexcmds)             In the latter case, load this package earlier.
Package: kvsetkeys 2012/04/25 v1.16 Key value parser (HO)
Package: kvdefinekeys 2011/04/07 v1.3 Define keys (HO)
Package: pdftexcmds 2011/11/29 v0.20 Utility functions of pdfTeX for LuaTeX (HO
)
Package pdftexcmds Info: LuaTeX not detected.
Package pdftexcmds Info: \pdf@primitive is available.
Package pdftexcmds Info: \pdf@ifprimitive is available.
Package pdftexcmds Info: \pdfdraftmode found.
Package: pdfescape 2011/11/25 v1.13 Implements pdfTeX's escape features (HO)
Package: bigintcalc 2012/04/08 v1.3 Expandable calculations on big integers (HO
)
Package: bitset 2011/01/30 v1.1 Handle bit-vector datatype (HO)
Package: uniquecounter 2011/01/30 v1.2 Provide unlimited unique counter (HO)
)
Package hobsub Info: Skipping package `hobsub' (already loaded).
Package: letltxmacro 2010/09/02 v1.4 Let assignment for LaTeX macros (HO)
Package: hopatch 2012/05/28 v1.2 Wrapper for package hooks (HO)
Package: xcolor-patch 2011/01/30 xcolor patch
Package: atveryend 2011/06/30 v1.8 Hooks at the very end of document (HO)
Package atveryend Info: \enddocument detected (standard20110627).
Package: atbegshi 2011/10/05 v1.16 At begin shipout hook (HO)
Package: refcount 2011/10/16 v3.4 Data extraction from label references (HO)
Package: hycolor 2011/01/30 v1.7 Color options for hyperref/bookmark (HO)
)
(/usr/share/texlive/texmf-dist/tex/latex/oberdiek/auxhook.sty
Package: auxhook 2011/03/04 v1.3 Hooks for auxiliary files (HO)
)
(/usr/share/texlive/texmf-dist/tex/latex/oberdiek/kvoptions.sty
Package: kvoptions 2011/06/30 v3.11 Key value format for package options (HO)
)
\@linkdim=\dimen150
\Hy@linkcounter=\count128
\Hy@pagecounter=\count129

(/usr/share/texlive/texmf-dist/tex/latex/hyperref/pd1enc.def
File: pd1enc.def 2012/11/06 v6.83m Hyperref: PDFDocEncoding definition (HO)
Now handling font encoding PD1 ...
... no UTF-8 mapping file for font encoding PD1
)
\Hy@SavedSpaceFactor=\count130

(/usr/share/texlive/texmf-dist/tex/latex/latexconfig/hyperref.cfg
File: hyperref.cfg 2002/06/06 v1.2 hyperref configuration of TeXLive
)
Package hyperref Info: Hyper figures OFF on input line 4443.
Package hyperref Info: Link nesting OFF on input line 4448.
Package hyperref Info: Hyper index ON on input line 4451.
Package hyperref Info: Plain pages OFF on input line 4458.
Package hyperref Info: Backreferencing ON on input line 4461.
Package hyperref Info: Implicit mode ON; LaTeX internals redefined.
Package hyperref Info: Bookmarks ON on input line 4688.

(/usr/share/texlive/texmf-dist/tex/latex/hyperref/backref.sty
Package: backref 2012/07/25 v1.38 Bibliographical back referencing

(/usr/share/texlive/texmf-dist/tex/latex/oberdiek/rerunfilecheck.sty
Package: rerunfilecheck 2011/04/15 v1.7 Rerun checks for auxiliary files (HO)
Package uniquecounter Info: New unique counter `rerunfilecheck' on input line 2
82.
))
\c@Hy@tempcnt=\count131

(/usr/share/texlive/texmf-dist/tex/latex/url/url.sty
\Urlmuskip=\muskip11
Package: url 2006/04/12  ver 3.3  Verb mode for urls, etc.
)
LaTeX Info: Redefining \url on input line 5041.
\XeTeXLinkMargin=\dimen151
\Fld@menulength=\count132
\Field@Width=\dimen152
\Fld@charsize=\dimen153
Package hyperref Info: Hyper figures OFF on input line 6295.
Package hyperref Info: Link nesting OFF on input line 6300.
Package hyperref Info: Hyper index ON on input line 6303.
Package hyperref Info: backreferencing ON on input line 6308.
Package hyperref Info: Link coloring OFF on input line 6315.
Package hyperref Info: Link coloring with OCG OFF on input line 6320.
Package hyperref Info: PDF/A mode OFF on input line 6325.
LaTeX Info: Redefining \ref on input line 6365.
LaTeX Info: Redefining \pageref on input line 6369.
\Hy@abspage=\count133
\c@Item=\count134
\c@Hfootnote=\count135
)

Package hyperref Message: Driver: hpdftex.

(/usr/share/texlive/texmf-dist/tex/latex/hyperref/hpdftex.def
File: hpdftex.def 2012/11/06 v6.83m Hyperref driver for pdfTeX
\Fld@listcount=\count136
\c@bookmark@seq@number=\count137
\Hy@SectionHShift=\skip104
)
Package hyperref Info: Option `colorlinks' set `true' on input line 104.
Package hyperref Info: Option `unicode' set `true' on input line 104.

(/usr/share/texlive/texmf-dist/tex/latex/hyperref/puenc.def
File: puenc.def 2012/11/06 v6.83m Hyperref: PDF Unicode definition (HO)
Now handling font encoding PU ...
... no UTF-8 mapping file for font encoding PU
) (./jh.tex)
(./pf.tex) (./refman.aux (./group__bcond.aux) (./group__diffhvol.aux)
(./group__vfjac.aux) (./group__isurf.aux) (./group__vsurf.aux)
(./group__flux.aux) (./group__faceops.aux) (./group__twopoint.aux)
(./group__initialconds.aux) (./group__state.aux)

LaTeX Warning: Label `group__bcond_ga45475eec850fc7ef33c51a25b4f86602' multiply
 defined.


LaTeX Warning: Label `group__bcond_ga917af547cc29afcf40e2b54c6a97c90d' multiply
 defined.


LaTeX Warning: Label `group__bcond_ga73b8f242bb8ea95b0c7baf512eeac825' multiply
 defined.


LaTeX Warning: Label `group__bcond_ga9a5825c588243a1c261d107376f5a873' multiply
 defined.


LaTeX Warning: Label `group__vfjac_ga34cccfbb67ddce8c68e7f2742a94af96' multiply
 defined.


LaTeX Warning: Label `group__vfjac_gad8d6f5b90772f9f1082fba425cece421' multiply
 defined.


LaTeX Warning: Label `group__vfjac_ga68680b2ed51dce76ed38535fee8c7f63' multiply
 defined.


LaTeX Warning: Label `group__vfjac_ga7818a3a1981f80b10cfc4f1d93d5babc' multiply
 defined.


LaTeX Warning: Label `group__vfjac_ga608f83273074946557a9015117c11670' multiply
 defined.


LaTeX Warning: Label `group__vfjac_ga9271a9b027c374b2b2fba0f7f0e00a1e' multiply
 defined.


LaTeX Warning: Label `group__vfjac_ga3485906a061442ec51929856cc8f4d4a' multiply
 defined.


LaTeX Warning: Label `group__vfjac_ga2a280e4b1d5fbba00356ca9120709fa0' multiply
 defined.


LaTeX Warning: Label `group__vfjac_ga4b542714fa89c4288fa5846a11cc28b1' multiply
 defined.


LaTeX Warning: Label `group__vfjac_ga8b5ee49aa820086e3596a1a91e9dc799' multiply
 defined.


LaTeX Warning: Label `group__vfjac_ga7cf0c00202b223c51bed9c61c7937bc6' multiply
 defined.


LaTeX Warning: Label `group__vfjac_ga7d4c71aaaae94de9cd5f41a93836699a' multiply
 defined.


LaTeX Warning: Label `group__initialconds_ga0427858fb7b0c582bcd5ff776de86a09' m
ultiply defined.


LaTeX Warning: Label `group__state_ga9e9e837579897a93f40aae1fe6060255' multiply
 defined.


LaTeX Warning: Label `group__convhvol_ga89ba8fe53f8afc523597773aca62a270' multi
ply defined.


LaTeX Warning: Label `group__isurf_ga2b8162e02f3f2266c59f717fa1363226' multiply
 defined.


LaTeX Warning: Label `group__isurf_gaecf15d43e4c71d130e4ef9e4a6a7821a' multiply
 defined.


LaTeX Warning: Label `group__flux_ga07b6f239f6de61d489a639234c55dac3' multiply 
defined.


LaTeX Warning: Label `group__flux_ga799332814e9d69e56ae5cc53dd448ebc' multiply 
defined.


LaTeX Warning: Label `group__flux_ga88fa0428bc395bf4e785ac7c484fc587' multiply 
defined.


LaTeX Warning: Label `group__flux_ga41a0b6638f2086e785a2eee46c838140' multiply 
defined.


LaTeX Warning: Label `group__flux_ga28b5864db9a8cc5516dff0524e5281dd' multiply 
defined.


LaTeX Warning: Label `group__flux_ga9e1df29c0b6ddab6d384439c68f98361' multiply 
defined.


LaTeX Warning: Label `group__flux_ga549c3560ff566ecc4ebe5a26cd8d7434' multiply 
defined.


LaTeX Warning: Label `group__flux_gaf5460e23edcfc140cce7884a9e3ebdac' multiply 
defined.


LaTeX Warning: Label `group__flux_gaf39815444396f97adffa0273bf02d6e5' multiply 
defined.


LaTeX Warning: Label `group__flux_gad4b2470bb6d756ae16a22aa09bff20cd' multiply 
defined.


LaTeX Warning: Label `group__flux_gadcea35e25dbe44ed6a9f9816974a8dc7' multiply 
defined.


LaTeX Warning: Label `group__flux_ga565a7f26aa4697a900499931ca224e37' multiply 
defined.


LaTeX Warning: Label `group__flux_gade9f72409b237ebd1810b9d856f2c0d2' multiply 
defined.


LaTeX Warning: Label `group__flux_gae3c480e559a6d01be27381e8517a210d' multiply 
defined.

)
\openout1 = `refman.aux'.

LaTeX Font Info:    Checking defaults for OML/cmm/m/it on input line 116.
LaTeX Font Info:    ... okay on input line 116.
LaTeX Font Info:    Checking defaults for T1/cmr/m/n on input line 116.
LaTeX Font Info:    ... okay on input line 116.
LaTeX Font Info:    Checking defaults for OT1/cmr/m/n on input line 116.
LaTeX Font Info:    ... okay on input line 116.
LaTeX Font Info:    Checking defaults for OMS/cmsy/m/n on input line 116.
LaTeX Font Info:    ... okay on input line 116.
LaTeX Font Info:    Checking defaults for OMX/cmex/m/n on input line 116.
LaTeX Font Info:    ... okay on input line 116.
LaTeX Font Info:    Checking defaults for U/cmr/m/n on input line 116.
LaTeX Font Info:    ... okay on input line 116.
LaTeX Font Info:    Checking defaults for TS1/cmr/m/n on input line 116.
LaTeX Font Info:    Try loading font information for TS1+cmr on input line 116.

 (/usr/share/texlive/texmf-dist/tex/latex/base/ts1cmr.fd
File: ts1cmr.fd 1999/05/25 v2.5h Standard LaTeX font definitions
)
LaTeX Font Info:    ... okay on input line 116.
LaTeX Font Info:    Checking defaults for PD1/pdf/m/n on input line 116.
LaTeX Font Info:    ... okay on input line 116.
LaTeX Font Info:    Checking defaults for PU/pdf/m/n on input line 116.
LaTeX Font Info:    ... okay on input line 116.
LaTeX Font Info:    Try loading font information for T1+phv on input line 116.

(/usr/share/texlive/texmf-dist/tex/latex/psnfss/t1phv.fd
File: t1phv.fd 2001/06/04 scalable font definitions for T1/phv.
)
LaTeX Font Info:    Font shape `T1/phv/m/n' will be
(Font)              scaled to size 8.99994pt on input line 116.

(/usr/share/texlive/texmf-dist/tex/context/base/supp-pdf.mkii
[Loading MPS to PDF converter (version 2006.09.02).]
\scratchcounter=\count138
\scratchdimen=\dimen154
\scratchbox=\box58
\nofMPsegments=\count139
\nofMParguments=\count140
\everyMPshowfont=\toks30
\MPscratchCnt=\count141
\MPscratchDim=\dimen155
\MPnumerator=\count142
\makeMPintoPDFobject=\count143
\everyMPtoPDFconversion=\toks31
) (/usr/share/texlive/texmf-dist/tex/latex/oberdiek/epstopdf-base.sty
Package: epstopdf-base 2010/02/09 v2.5 Base part for package epstopdf

(/usr/share/texlive/texmf-dist/tex/latex/oberdiek/grfext.sty
Package: grfext 2010/08/19 v1.1 Manage graphics extensions (HO)
)
Package grfext Info: Graphics extension search list:
(grfext)             [.png,.pdf,.jpg,.mps,.jpeg,.jbig2,.jb2,.PNG,.PDF,.JPG,.JPE
G,.JBIG2,.JB2,.eps]
(grfext)             \AppendGraphicsExtensions on input line 452.

(/usr/share/texlive/texmf-dist/tex/latex/latexconfig/epstopdf-sys.cfg
File: epstopdf-sys.cfg 2010/07/13 v1.3 Configuration of (r)epstopdf for TeX Liv
e
))
*geometry* driver: auto-detecting
*geometry* detected driver: pdftex
*geometry* verbose mode - [ preamble ] result:
* driver: pdftex
* paper: a4paper
* layout: <same size as paper>
* layoutoffset:(h,v)=(0.0pt,0.0pt)
* modes: twoside 
* h-part:(L,W,R)=(71.13188pt, 455.24411pt, 71.13188pt)
* v-part:(T,H,B)=(71.13188pt, 702.78308pt, 71.13188pt)
* \paperwidth=597.50787pt
* \paperheight=845.04684pt
* \textwidth=455.24411pt
* \textheight=702.78308pt
* \oddsidemargin=-1.1381pt
* \evensidemargin=-1.1381pt
* \topmargin=-31.2056pt
* \headheight=12.0pt
* \headsep=18.06749pt
* \topskip=10.0pt
* \footskip=25.29494pt
* \marginparwidth=125.0pt
* \marginparsep=7.0pt
* \columnsep=10.0pt
* \skip\footins=9.0pt plus 4.0pt minus 2.0pt
* \hoffset=0.0pt
* \voffset=0.0pt
* \mag=1000
* \@twocolumnfalse
* \@twosidetrue
* \@mparswitchtrue
* \@reversemarginfalse
* (1in=72.27pt=25.4mm, 1cm=28.453pt)

\AtBeginShipoutBox=\box59
Package backref Info: ** backref set up for natbib ** on input line 116.
Package hyperref Info: Link coloring ON on input line 116.
(/usr/share/texlive/texmf-dist/tex/latex/hyperref/nameref.sty
Package: nameref 2012/10/27 v2.43 Cross-referencing by name of section

(/usr/share/texlive/texmf-dist/tex/generic/oberdiek/gettitlestring.sty
Package: gettitlestring 2010/12/03 v1.4 Cleanup title references (HO)
)
\c@section@level=\count144
)
LaTeX Info: Redefining \ref on input line 116.
LaTeX Info: Redefining \pageref on input line 116.
LaTeX Info: Redefining \nameref on input line 116.

(./refman.out) (./refman.out)
\@outlinefile=\write4
\openout4 = `refman.out'.

Package hyperref Info: Option `pageanchor' set `false' on input line 119.
LaTeX Font Info:    Font shape `T1/phv/m/n' will be
(Font)              scaled to size 12.9599pt on input line 124.
LaTeX Font Info:    Font shape `T1/phv/m/n' will be
(Font)              scaled to size 10.79993pt on input line 126.
LaTeX Font Info:    Font shape `T1/phv/m/n' will be
(Font)              scaled to size 8.09995pt on input line 128.
 [1


{/usr/share/texlive/texmf/fonts/map/pdftex/updmap/pdftex.map}] [2

]
LaTeX Font Info:    Font shape `T1/phv/m/n' will be
(Font)              scaled to size 22.39185pt on input line 132.
LaTeX Font Info:    Font shape `T1/phv/bx/n' in size <24.88> not available
(Font)              Font shape `T1/phv/b/n' tried instead on input line 132.
LaTeX Font Info:    Font shape `T1/phv/b/n' will be
(Font)              scaled to size 22.39185pt on input line 132.
LaTeX Font Info:    Font shape `T1/phv/bc/n' will be
(Font)              scaled to size 22.39185pt on input line 132.
 (./refman.toc
LaTeX Font Info:    Font shape `T1/phv/bx/n' in size <10> not available
(Font)              Font shape `T1/phv/b/n' tried instead on input line 1.
LaTeX Font Info:    Font shape `T1/phv/b/n' will be
(Font)              scaled to size 8.99994pt on input line 1.
LaTeX Font Info:    Try loading font information for OT1+ztmcm on input line 1.


(/usr/share/texlive/texmf-dist/tex/latex/psnfss/ot1ztmcm.fd
File: ot1ztmcm.fd 2000/01/03 Fontinst v1.801 font definitions for OT1/ztmcm.
)
LaTeX Font Info:    Try loading font information for OML+ztmcm on input line 1.


(/usr/share/texlive/texmf-dist/tex/latex/psnfss/omlztmcm.fd
File: omlztmcm.fd 2000/01/03 Fontinst v1.801 font definitions for OML/ztmcm.
)
LaTeX Font Info:    Try loading font information for OMS+ztmcm on input line 1.


(/usr/share/texlive/texmf-dist/tex/latex/psnfss/omsztmcm.fd
File: omsztmcm.fd 2000/01/03 Fontinst v1.801 font definitions for OMS/ztmcm.
)
LaTeX Font Info:    Try loading font information for OMX+ztmcm on input line 1.


(/usr/share/texlive/texmf-dist/tex/latex/psnfss/omxztmcm.fd
File: omxztmcm.fd 2000/01/03 Fontinst v1.801 font definitions for OMX/ztmcm.
)
LaTeX Font Info:    Try loading font information for OT1+ptm on input line 1.

(/usr/share/texlive/texmf-dist/tex/latex/psnfss/ot1ptm.fd
File: ot1ptm.fd 2001/06/04 font definitions for OT1/ptm.
)
LaTeX Font Info:    Font shape `OT1/ptm/bx/n' in size <10> not available
(Font)              Font shape `OT1/ptm/b/n' tried instead on input line 1.
LaTeX Font Info:    Font shape `OT1/ptm/bx/n' in size <7.4> not available
(Font)              Font shape `OT1/ptm/b/n' tried instead on input line 1.
LaTeX Font Info:    Font shape `OT1/ptm/bx/n' in size <6> not available
(Font)              Font shape `OT1/ptm/b/n' tried instead on input line 1.
LaTeX Font Info:    Try loading font information for U+rsfs on input line 1.

(/usr/share/texlive/texmf-dist/tex/latex/jknapltx/ursfs.fd
File: ursfs.fd 1998/03/24 rsfs font definition file (jk)
) [3

]
LaTeX Font Info:    Font shape `T1/phv/bx/n' in size <7> not available
(Font)              Font shape `T1/phv/b/n' tried instead on input line 70.
LaTeX Font Info:    Font shape `T1/phv/b/n' will be
(Font)              scaled to size 6.29996pt on input line 70.
 [4] [5]
LaTeX Font Info:    Font shape `T1/phv/bx/n' in size <12> not available
(Font)              Font shape `T1/phv/b/n' tried instead on input line 118.
LaTeX Font Info:    Font shape `T1/phv/b/n' will be
(Font)              scaled to size 10.79993pt on input line 118.
LaTeX Font Info:    Font shape `OT1/ptm/bx/n' in size <12> not available
(Font)              Font shape `OT1/ptm/b/n' tried instead on input line 118.
LaTeX Font Info:    Font shape `OT1/ptm/bx/n' in size <9> not available
(Font)              Font shape `OT1/ptm/b/n' tried instead on input line 118.
LaTeX Font Info:    Font shape `OT1/ptm/bx/n' in size <7> not available
(Font)              Font shape `OT1/ptm/b/n' tried instead on input line 118.
)
\tf@toc=\write5
\openout5 = `refman.toc'.


[6]
Package hyperref Info: Option `pageanchor' set `true' on input line 135.
 (./formulation.tex
Chapter 1.
LaTeX Font Info:    Font shape `T1/phv/m/n' will be
(Font)              scaled to size 18.66588pt on input line 2.
LaTeX Font Info:    Font shape `T1/phv/bx/n' in size <20.74> not available
(Font)              Font shape `T1/phv/b/n' tried instead on input line 2.
LaTeX Font Info:    Font shape `T1/phv/b/n' will be
(Font)              scaled to size 18.66588pt on input line 2.
LaTeX Font Info:    Font shape `T1/phv/bc/n' will be
(Font)              scaled to size 18.66588pt on input line 2.

Package natbib Warning: Citation `hw08' on page 1 undefined on input line 6.


Package natbib Warning: Citation `CHQZ3' on page 1 undefined on input line 6.

(./dgkernel.tex
LaTeX Font Info:    Font shape `T1/phv/bx/n' in size <14.4> not available
(Font)              Font shape `T1/phv/b/n' tried instead on input line 1.
LaTeX Font Info:    Font shape `T1/phv/b/n' will be
(Font)              scaled to size 12.9599pt on input line 1.
LaTeX Font Info:    Font shape `T1/phv/bc/n' will be
(Font)              scaled to size 12.9599pt on input line 1.
LaTeX Font Info:    Font shape `T1/phv/m/n' will be
(Font)              scaled to size 6.65994pt on input line 4.
LaTeX Font Info:    Font shape `T1/phv/bc/n' will be
(Font)              scaled to size 10.79993pt on input line 12.


LaTeX Warning: Reference `' on page 1 undefined on input line 36.

<elements.pdf, id=626, 633.36626pt x 314.17375pt>
File: elements.pdf Graphic file (type pdf)
 <use elements.pdf>
Package pdftex.def Info: elements.pdf used on input line 40.
(pdftex.def)             Requested size: 227.62204pt x 112.9059pt.
 [1


]

Package natbib Warning: Citation `dfm02' on page 2 undefined on input line 66.


Package natbib Warning: Citation `dfm02' on page 2 undefined on input line 75.


Package natbib Warning: Citation `dfm02' on page 2 undefined on input line 79.

[2 <./elements.pdf>]) (./split2pt.tex

Package natbib Warning: Citation `dfm02' on page 3 undefined on input line 16.


Package natbib Warning: Citation `dfm02' on page 3 undefined on input line 19.

LaTeX Font Info:    Font shape `T1/phv/m/it' in size <10> not available
(Font)              Font shape `T1/phv/m/sl' tried instead on input line 34.
LaTeX Font Info:    Font shape `T1/phv/m/sl' will be
(Font)              scaled to size 8.99994pt on input line 34.
LaTeX Font Info:    Font shape `T1/phv/m/n' will be
(Font)              scaled to size 7.19995pt on input line 39.
LaTeX Font Info:    Font shape `OT1/ptm/bx/n' in size <8> not available
(Font)              Font shape `OT1/ptm/b/n' tried instead on input line 39.
LaTeX Font Info:    Font shape `OT1/ptm/bx/n' in size <5> not available
(Font)              Font shape `OT1/ptm/b/n' tried instead on input line 39.
LaTeX Font Info:    Font shape `T1/phv/m/n' will be
(Font)              scaled to size 5.39996pt on input line 39.

Package natbib Warning: Citation `CarpenterESSC' on page 3 undefined on input l
ine 46.


Package natbib Warning: Citation `FisherJCP252' on page 3 undefined on input li
ne 48.

LaTeX Font Info:    Font shape `T1/phv/m/it' in size <8> not available
(Font)              Font shape `T1/phv/m/sl' tried instead on input line 51.
LaTeX Font Info:    Font shape `T1/phv/m/sl' will be
(Font)              scaled to size 7.19995pt on input line 51.
[3]

Package natbib Warning: Citation `walchidk' on page 4 undefined on input line 8
6.


Package natbib Warning: Citation `splitformnodaldg' on page 4 undefined on inpu
t line 96.

[4]) (./surface.tex) [5] [6

]
Chapter 2.
(./data.tex
LaTeX Font Info:    Try loading font information for T1+pcr on input line 69.
 (/usr/share/texlive/texmf-dist/tex/latex/psnfss/t1pcr.fd
File: t1pcr.fd 2001/06/04 font definitions for T1/pcr.
)

LaTeX Warning: Characters dropped after `\end{verbatim}' on input line 71.


LaTeX Warning: Characters dropped after `\end{verbatim}' on input line 75.

) (./assembly.tex [7]) [8]
Chapter 3.
(./eom.tex [9

]) [10]
Chapter 4.
(./fsharp.tex

Package natbib Warning: Citation `WALCHCOMPARISONTODEAL' on page 11 undefined o
n input line 21.


Package natbib Warning: Citation `KirbyKard' on page 11 undefined on input line
 25.


Package natbib Warning: Citation `kg' on page 11 undefined on input line 31.

) [11

]

LaTeX Warning: Reference `eq:vfjac,lazya' on page 12 undefined on input line 99
.

) [12]
Chapter 5.
(./modules.tex) [13

] [14

]
Chapter 6.
(./files.tex) [15] [16

]
Chapter 7.
(./group__convhvol.tex
LaTeX Font Info:    Try loading font information for TS1+phv on input line 7.

(/usr/share/texlive/texmf-dist/tex/latex/psnfss/ts1phv.fd
File: ts1phv.fd 2001/06/04 scalable font definitions for TS1/phv.
)
LaTeX Font Info:    Font shape `TS1/phv/m/n' will be
(Font)              scaled to size 8.99994pt on input line 7.
LaTeX Font Info:    Font shape `T1/phv/m/it' in size <9> not available
(Font)              Font shape `T1/phv/m/sl' tried instead on input line 8.
LaTeX Font Info:    Font shape `T1/phv/m/sl' will be
(Font)              scaled to size 8.09995pt on input line 8.
LaTeX Font Info:    Font shape `T1/phv/bc/n' will be
(Font)              scaled to size 8.99994pt on input line 35.
LaTeX Font Info:    Font shape `T1/phv/bc/it' in size <10> not available
(Font)              Font shape `T1/phv/bc/sl' tried instead on input line 35.
LaTeX Font Info:    Font shape `T1/phv/bc/sl' will be
(Font)              scaled to size 8.99994pt on input line 35.
 [17]
<group__convhvol_ga77e7d7a46950fcbbf072e8e900cee272_cgraph.pdf, id=918, 351.312
5pt x 176.66pt>
File: group__convhvol_ga77e7d7a46950fcbbf072e8e900cee272_cgraph.pdf Graphic fil
e (type pdf)

<use group__convhvol_ga77e7d7a46950fcbbf072e8e900cee272_cgraph.pdf>
Package pdftex.def Info: group__convhvol_ga77e7d7a46950fcbbf072e8e900cee272_cgr
aph.pdf used on input line 78.
(pdftex.def)             Requested size: 350.0pt x 176.0126pt.
 [18 <./group__convhvol_ga77e7d7a46950fcbbf072e8e900cee272_cgraph.pdf>])
Underfull \hbox (badness 10000) in paragraph at lines 136--151

 []

[19]
\openout2 = `group__bcond.aux'.

 (./group__bcond.tex [20

] [21]) [22]
\openout2 = `group__diffhvol.aux'.

 (./group__diffhvol.tex
<group__diffhvol_ga6d611a250fb98acf77e8a3880c0e608d_cgraph.pdf, id=987, 479.792
5pt x 519.9425pt>
File: group__diffhvol_ga6d611a250fb98acf77e8a3880c0e608d_cgraph.pdf Graphic fil
e (type pdf)

<use group__diffhvol_ga6d611a250fb98acf77e8a3880c0e608d_cgraph.pdf>
Package pdftex.def Info: group__diffhvol_ga6d611a250fb98acf77e8a3880c0e608d_cgr
aph.pdf used on input line 67.
(pdftex.def)             Requested size: 350.0pt x 379.29306pt.

Underfull \vbox (badness 10000) has occurred while \output is active []

 [23


])
[24 <./group__diffhvol_ga6d611a250fb98acf77e8a3880c0e608d_cgraph.pdf>]
\openout2 = `group__vfjac.aux'.


(./group__vfjac.tex [25


]
<group__vfjac_ga9087d56c6c467d3ffeb9aa6be3f43e82_cgraph.pdf, id=1051, 335.2525p
t x 519.9425pt>
File: group__vfjac_ga9087d56c6c467d3ffeb9aa6be3f43e82_cgraph.pdf Graphic file (
type pdf)

<use group__vfjac_ga9087d56c6c467d3ffeb9aa6be3f43e82_cgraph.pdf>
Package pdftex.def Info: group__vfjac_ga9087d56c6c467d3ffeb9aa6be3f43e82_cgraph
.pdf used on input line 86.
(pdftex.def)             Requested size: 334.0pt x 517.99748pt.
 [26 <./group__vfjac_ga9087d56c6c467d3ffeb9aa6be3f43e82_cgraph.pdf>]
<group__vfjac_ga15f8f8f0e3d305dc065f004aa09de57c_cgraph.pdf, id=1071, 319.1925p
t x 100.375pt>
File: group__vfjac_ga15f8f8f0e3d305dc065f004aa09de57c_cgraph.pdf Graphic file (
type pdf)

<use group__vfjac_ga15f8f8f0e3d305dc065f004aa09de57c_cgraph.pdf>
Package pdftex.def Info: group__vfjac_ga15f8f8f0e3d305dc065f004aa09de57c_cgraph
.pdf used on input line 108.
(pdftex.def)             Requested size: 318.0pt x 100.00102pt.

<group__vfjac_ga2c0d85531a9af69b9d464571ca530e5d_cgraph.pdf, id=1072, 248.93pt 
x 519.9425pt>
File: group__vfjac_ga2c0d85531a9af69b9d464571ca530e5d_cgraph.pdf Graphic file (
type pdf)
 <use group__vfjac_ga2c0d85531a9af69b9d464571ca530e5d_cgraph.pdf>
Package pdftex.def Info: group__vfjac_ga2c0d85531a9af69b9d464571ca530e5d_cgraph
.pdf used on input line 144.
(pdftex.def)             Requested size: 248.0pt x 518.01335pt.

Underfull \vbox (badness 10000) has occurred while \output is active []

 [27 <./group__vfjac_ga15f8f8f0e3d305dc065f004aa09de57c_cgraph.pdf>]) [28 <./gr
oup__vfjac_ga2c0d85531a9af69b9d464571ca530e5d_cgraph.pdf>]
\openout2 = `group__isurf.aux'.

 (./group__isurf.tex [29


]
[30]
<group__isurf_ga0013a607a259d0c07734b1816f8c9f60_cgraph.pdf, id=1135, 943.525pt
 x 558.085pt>
File: group__isurf_ga0013a607a259d0c07734b1816f8c9f60_cgraph.pdf Graphic file (
type pdf)
 <use group__isurf_ga0013a607a259d0c07734b1816f8c9f60_cgraph.pdf>
Package pdftex.def Info: group__isurf_ga0013a607a259d0c07734b1816f8c9f60_cgraph
.pdf used on input line 196.
(pdftex.def)             Requested size: 350.0pt x 207.0247pt.

Underfull \vbox (badness 4403) has occurred while \output is active []

 [31 <./group__isurf_ga0013a607a259d0c07734b1816f8c9f60_cgraph.pdf>] [32]
<group__isurf_ga15e4fb7f0dbe0767ef81c6b291f611cb_cgraph.pdf, id=1160, 238.8925p
t x 100.375pt>
File: group__isurf_ga15e4fb7f0dbe0767ef81c6b291f611cb_cgraph.pdf Graphic file (
type pdf)

<use group__isurf_ga15e4fb7f0dbe0767ef81c6b291f611cb_cgraph.pdf>
Package pdftex.def Info: group__isurf_ga15e4fb7f0dbe0767ef81c6b291f611cb_cgraph
.pdf used on input line 241.
(pdftex.def)             Requested size: 238.0pt x 99.9995pt.

<group__isurf_ga0293ec162f23a55a9e89cf0797cbf2b2_cgraph.pdf, id=1161, 244.915pt
 x 100.375pt>
File: group__isurf_ga0293ec162f23a55a9e89cf0797cbf2b2_cgraph.pdf Graphic file (
type pdf)
 <use group__isurf_ga0293ec162f23a55a9e89cf0797cbf2b2_cgraph.pdf>
Package pdftex.def Info: group__isurf_ga0293ec162f23a55a9e89cf0797cbf2b2_cgraph
.pdf used on input line 286.
(pdftex.def)             Requested size: 244.0pt x 100.00255pt.
) [33 <./group__isurf_ga15e4fb7f0dbe0767ef81c6b291f611cb_cgraph.pdf> <./group__
isurf_ga0293ec162f23a55a9e89cf0797cbf2b2_cgraph.pdf

pdfTeX warning: pdflatex (file ./group__isurf_ga0293ec162f23a55a9e89cf0797cbf2b
2_cgraph.pdf): PDF inclusion: multiple pdfs with page group included in a singl
e page
>]
\openout2 = `group__vsurf.aux'.

 (./group__vsurf.tex
<group__vsurf_ga98d826061a0ffb225d37cb73b86a9475_cgraph.pdf, id=1198, 431.6125p
t x 519.9425pt>
File: group__vsurf_ga98d826061a0ffb225d37cb73b86a9475_cgraph.pdf Graphic file (
type pdf)

<use group__vsurf_ga98d826061a0ffb225d37cb73b86a9475_cgraph.pdf>
Package pdftex.def Info: group__vsurf_ga98d826061a0ffb225d37cb73b86a9475_cgraph
.pdf used on input line 67.
(pdftex.def)             Requested size: 350.0pt x 421.64302pt.

Underfull \vbox (badness 10000) has occurred while \output is active []

 [34


])
[35 <./group__vsurf_ga98d826061a0ffb225d37cb73b86a9475_cgraph.pdf>]
\openout2 = `group__flux.aux'.


(./group__flux.tex
<group__flux_gab4541d3a9fc0c10583e47fa4b6cc9f2d_cgraph.pdf, id=1231, 582.175pt 
x 519.9425pt>
File: group__flux_gab4541d3a9fc0c10583e47fa4b6cc9f2d_cgraph.pdf Graphic file (t
ype pdf)
 <use group__flux_gab4541d3a9fc0c10583e47fa4b6cc9f2d_cgraph.pdf>
Package pdftex.def Info: group__flux_gab4541d3a9fc0c10583e47fa4b6cc9f2d_cgraph.
pdf used on input line 73.
(pdftex.def)             Requested size: 350.0pt x 312.59467pt.

Underfull \vbox (badness 10000) has occurred while \output is active []

 [36


]
<group__flux_ga4498a8903b8de21f2c0afd0d34c5e00c_cgraph.pdf, id=1254, 682.55pt x
 558.085pt>
File: group__flux_ga4498a8903b8de21f2c0afd0d34c5e00c_cgraph.pdf Graphic file (t
ype pdf)
 <use group__flux_ga4498a8903b8de21f2c0afd0d34c5e00c_cgraph.pdf>
Package pdftex.def Info: group__flux_ga4498a8903b8de21f2c0afd0d34c5e00c_cgraph.
pdf used on input line 121.
(pdftex.def)             Requested size: 350.0pt x 286.17796pt.

Underfull \vbox (badness 10000) has occurred while \output is active []

 [37 <./group__flux_gab4541d3a9fc0c10583e47fa4b6cc9f2d_cgraph.pdf>]) [38 <./gro
up__flux_ga4498a8903b8de21f2c0afd0d34c5e00c_cgraph.pdf>]
\openout2 = `group__faceops.aux'.

 (./group__faceops.tex) [39


]
\openout2 = `group__twopoint.aux'.


(./group__twopoint.tex) [40


]
\openout2 = `group__initialconds.aux'.

 (./group__initialconds.tex
<group__initialconds_ga1be8524b895b1b95b04e8707aa0ba4ae_cgraph.pdf, id=1307, 31
7.185pt x 100.375pt>
File: group__initialconds_ga1be8524b895b1b95b04e8707aa0ba4ae_cgraph.pdf Graphic
 file (type pdf)

<use group__initialconds_ga1be8524b895b1b95b04e8707aa0ba4ae_cgraph.pdf>
Package pdftex.def Info: group__initialconds_ga1be8524b895b1b95b04e8707aa0ba4ae
_cgraph.pdf used on input line 37.
(pdftex.def)             Requested size: 316.0pt x 100.00868pt.

<group__initialconds_ga3e2114ab9f0c76a032cd4d0f708bdc24_cgraph.pdf, id=1308, 22
6.8475pt x 100.375pt>
File: group__initialconds_ga3e2114ab9f0c76a032cd4d0f708bdc24_cgraph.pdf Graphic
 file (type pdf)

<use group__initialconds_ga3e2114ab9f0c76a032cd4d0f708bdc24_cgraph.pdf>
Package pdftex.def Info: group__initialconds_ga3e2114ab9f0c76a032cd4d0f708bdc24
_cgraph.pdf used on input line 59.
(pdftex.def)             Requested size: 226.0pt x 100.00102pt.
)
[41


 <./group__initialconds_ga1be8524b895b1b95b04e8707aa0ba4ae_cgraph.pdf> <./group
__initialconds_ga3e2114ab9f0c76a032cd4d0f708bdc24_cgraph.pdf

pdfTeX warning: pdflatex (file ./group__initialconds_ga3e2114ab9f0c76a032cd4d0f
708bdc24_cgraph.pdf): PDF inclusion: multiple pdfs with page group included in 
a single page
>]
\openout2 = `group__state.aux'.

 (./group__state.tex
<group__state_ga150496cc6bdf94171d8f6822cd697145_cgraph.pdf, id=1337, 411.5375p
t x 138.5175pt>
File: group__state_ga150496cc6bdf94171d8f6822cd697145_cgraph.pdf Graphic file (
type pdf)

<use group__state_ga150496cc6bdf94171d8f6822cd697145_cgraph.pdf>
Package pdftex.def Info: group__state_ga150496cc6bdf94171d8f6822cd697145_cgraph
.pdf used on input line 60.
(pdftex.def)             Requested size: 350.0pt x 117.80594pt.
 [42


 <./group__state_ga150496cc6bdf94171d8f6822cd697145_cgraph.pdf>]
<group__state_ga91fd597ad604e7412e8d78a79beefe34_cgraph.pdf, id=1355, 228.855pt
 x 100.375pt>
File: group__state_ga91fd597ad604e7412e8d78a79beefe34_cgraph.pdf Graphic file (
type pdf)
 <use group__state_ga91fd597ad604e7412e8d78a79beefe34_cgraph.pdf>
Package pdftex.def Info: group__state_ga91fd597ad604e7412e8d78a79beefe34_cgraph
.pdf used on input line 89.
(pdftex.def)             Requested size: 228.0pt x 100.00409pt.
) [43 <./group__state_ga91fd597ad604e7412e8d78a79beefe34_cgraph.pdf>] [44


]
Chapter 8.
(./bc_8f.texpdfTeX warning (ext4): destination with the same identifier (name{g
roup__bcond_ga45475eec850fc7ef33c51a25b4f86602}) has been already used, duplica
te ignored
<to be read again> 
                   \relax 
l.12 ...fc7ef33c51a25b4f86602}{inviscidbc} (flux)}
                                                  \label{group__bcond_ga4547...
pdfTeX warning (ext4): destination with the same identifier (name{group__bcond_
ga917af547cc29afcf40e2b54c6a97c90d}) has been already used, duplicate ignored
<to be read again> 
                   \relax 
l.15 ...40e2b54c6a97c90d}{bcmask\-\_\-cmt} (bmsk)}
                                                  \label{group__bcond_ga917a...
pdfTeX warning (ext4): destination with the same identifier (name{group__bcond_
ga73b8f242bb8ea95b0c7baf512eeac825}) has been already used, duplicate ignored
<to be read again> 
                   \relax 
l.18 ...c467d3ffeb9aa6be3f43e82}{agradu}, qminus)}
                                                  \label{group__bcond_ga73b8...
pdfTeX warning (ext4): destination with the same identifier (name{group__bcond_
ga9a5825c588243a1c261d107376f5a873}) has been already used, duplicate ignored
<to be read again> 
                   \relax 
l.21 ...tic\-\_\-wall} (eflx, f, e, d\-U, wstate)}
                                                  \label{group__bcond_ga9a58...
) (./diffusive__cmt_8f.tex [45]pdfTeX warning (ext4): destination with the same
 identifier (name{group__vfjac_ga34cccfbb67ddce8c68e7f2742a94af96}) has been al
ready used, duplicate ignored
<to be read again> 
                   \relax 
l.29 ...742a94af96}{a51klduldxk} (flux, d\-U, ie)}
                                                  \label{group__vfjac_ga34cc...
pdfTeX warning (ext4): destination with the same identifier (name{group__vfjac_
gad8d6f5b90772f9f1082fba425cece421}) has been already used, duplicate ignored
<to be read again> 
                   \relax 
l.32 ...425cece421}{a52klduldxk} (flux, d\-U, ie)}
                                                  \label{group__vfjac_gad8d6...
pdfTeX warning (ext4): destination with the same identifier (name{group__vfjac_
ga68680b2ed51dce76ed38535fee8c7f63}) has been already used, duplicate ignored
<to be read again> 
                   \relax 
l.35 ...5fee8c7f63}{a53klduldxk} (flux, d\-U, ie)}
                                                  \label{group__vfjac_ga6868...
pdfTeX warning (ext4): destination with the same identifier (name{group__vfjac_
ga7818a3a1981f80b10cfc4f1d93d5babc}) has been already used, duplicate ignored
<to be read again> 
                   \relax 
l.38 ...1d93d5babc}{a21klduldxk} (flux, d\-U, ie)}
                                                  \label{group__vfjac_ga7818...
pdfTeX warning (ext4): destination with the same identifier (name{group__vfjac_
ga608f83273074946557a9015117c11670}) has been already used, duplicate ignored
<to be read again> 
                   \relax 
l.41 ...5117c11670}{a22klduldxk} (flux, d\-U, ie)}
                                                  \label{group__vfjac_ga608f...
pdfTeX warning (ext4): destination with the same identifier (name{group__vfjac_
ga9271a9b027c374b2b2fba0f7f0e00a1e}) has been already used, duplicate ignored
<to be read again> 
                   \relax 
l.44 ...f7f0e00a1e}{a23klduldxk} (flux, d\-U, ie)}
                                                  \label{group__vfjac_ga9271...
pdfTeX warning (ext4): destination with the same identifier (name{group__vfjac_
ga3485906a061442ec51929856cc8f4d4a}) has been already used, duplicate ignored
<to be read again> 
                   \relax 
l.47 ...56cc8f4d4a}{a31klduldxk} (flux, d\-U, ie)}
                                                  \label{group__vfjac_ga3485...
pdfTeX warning (ext4): destination with the same identifier (name{group__vfjac_
ga2a280e4b1d5fbba00356ca9120709fa0}) has been already used, duplicate ignored
<to be read again> 
                   \relax 
l.50 ...9120709fa0}{a32klduldxk} (flux, d\-U, ie)}
                                                  \label{group__vfjac_ga2a28...
pdfTeX warning (ext4): destination with the same identifier (name{group__vfjac_
ga4b542714fa89c4288fa5846a11cc28b1}) has been already used, duplicate ignored
<to be read again> 
                   \relax 
l.53 ...6a11cc28b1}{a33klduldxk} (flux, d\-U, ie)}
                                                  \label{group__vfjac_ga4b54...
pdfTeX warning (ext4): destination with the same identifier (name{group__vfjac_
ga8b5ee49aa820086e3596a1a91e9dc799}) has been already used, duplicate ignored
<to be read again> 
                   \relax 
l.56 ...a91e9dc799}{a41klduldxk} (flux, d\-U, ie)}
                                                  \label{group__vfjac_ga8b5e...
pdfTeX warning (ext4): destination with the same identifier (name{group__vfjac_
ga7cf0c00202b223c51bed9c61c7937bc6}) has been already used, duplicate ignored
<to be read again> 
                   \relax 
l.59 ...61c7937bc6}{a42klduldxk} (flux, d\-U, ie)}
                                                  \label{group__vfjac_ga7cf0...
pdfTeX warning (ext4): destination with the same identifier (name{group__vfjac_
ga7d4c71aaaae94de9cd5f41a93836699a}) has been already used, duplicate ignored
<to be read again> 
                   \relax 
l.62 ...a93836699a}{a43klduldxk} (flux, d\-U, ie)}
                                                  \label{group__vfjac_ga7d4c...
) (./drive1__cmt_8f.tex [46]
LaTeX Font Info:    Font shape `T1/phv/bx/it' in size <9> not available
(Font)              Font shape `T1/phv/b/it' tried instead on input line 18.
LaTeX Font Info:    Font shape `T1/phv/b/it' in size <9> not available
(Font)              Font shape `T1/phv/b/sl' tried instead on input line 18.
LaTeX Font Info:    Font shape `T1/phv/b/sl' will be
(Font)              scaled to size 8.09995pt on input line 18.

<drive1__cmt_8f_af21718debad3a2fefd68afcc5991813a_cgraph.pdf, id=1416, 911.405p
t x 653.44125pt>
File: drive1__cmt_8f_af21718debad3a2fefd68afcc5991813a_cgraph.pdf Graphic file 
(type pdf)

<use drive1__cmt_8f_af21718debad3a2fefd68afcc5991813a_cgraph.pdf>
Package pdftex.def Info: drive1__cmt_8f_af21718debad3a2fefd68afcc5991813a_cgrap
h.pdf used on input line 54.
(pdftex.def)             Requested size: 350.0pt x 250.94252pt.
 [47 <./drive1__cmt_8f_af21718debad3a2fefd68afcc5991813a_cgraph.pdf>]
<drive1__cmt_8f_a001e854c71bfa7c25b504caaa09b7681_cgraph.pdf, id=1445, 770.88pt
 x 672.5125pt>
File: drive1__cmt_8f_a001e854c71bfa7c25b504caaa09b7681_cgraph.pdf Graphic file 
(type pdf)

<use drive1__cmt_8f_a001e854c71bfa7c25b504caaa09b7681_cgraph.pdf>
Package pdftex.def Info: drive1__cmt_8f_a001e854c71bfa7c25b504caaa09b7681_cgrap
h.pdf used on input line 81.
(pdftex.def)             Requested size: 350.0pt x 305.33691pt.
)
(./drive2__cmt_8f.tex [48 <./drive1__cmt_8f_a001e854c71bfa7c25b504caaa09b7681_c
graph.pdf>]) (./driver3__cmt_8f.texpdfTeX warning (ext4): destination with the 
same identifier (name{group__initialconds_ga0427858fb7b0c582bcd5ff776de86a09}) 
has been already used, duplicate ignored
<to be read again> 
                   \relax 
l.16 ...cd5ff776de86a09}{cmtasgn} (ix, iy, iz, e)}
                                                  \label{group__initialconds...
pdfTeX warning (ext4): destination with the same identifier (name{group__state_
ga9e9e837579897a93f40aae1fe6060255}) has been already used, duplicate ignored
<to be read again> 
                   \relax 
l.23 ...f40aae1fe6060255}{poscheck} (ifail, what)}
                                                  \label{group__state_ga9e9e...
) (./eqnsolver__cmt_8f.tex [49]pdfTeX warning (ext4): destination with the same
 identifier (name{group__convhvol_ga89ba8fe53f8afc523597773aca62a270}) has been
 already used, duplicate ignored
<to be read again> 
                   \relax 
l.30 ...\-\_\-dealiased\-\_\-weak\-\_\-chain} (e)}
                                                  \label{group__convhvol_ga8...
) (./face_8f.tex) (./fluxfn_8f.texpdfTeX warning (ext4): destination with the s
ame identifier (name{group__isurf_ga2b8162e02f3f2266c59f717fa1363226}) has been
 already used, duplicate ignored
<to be read again> 
                   \relax 
l.15 ... rr, ur, vr, wr, pr, ar, tr, flx, el, er)}
                                                  \label{group__isurf_ga2b81...
[50]) (./intpdiff_8f.tex [51]) (./outflow__bc_8f.tex [52]
<outflow__bc_8f_ac197c7083c48cd1062073f9c2b56b573_cgraph.pdf, id=1561, 335.2525
pt x 100.375pt>
File: outflow__bc_8f_ac197c7083c48cd1062073f9c2b56b573_cgraph.pdf Graphic file 
(type pdf)

<use outflow__bc_8f_ac197c7083c48cd1062073f9c2b56b573_cgraph.pdf>
Package pdftex.def Info: outflow__bc_8f_ac197c7083c48cd1062073f9c2b56b573_cgrap
h.pdf used on input line 64.
(pdftex.def)             Requested size: 334.0pt x 99.9995pt.
)
(./step_8f.tex) (./surface__fluxes_8f.tex [53 <./outflow__bc_8f_ac197c7083c48cd
1062073f9c2b56b573_cgraph.pdf>]pdfTeX warning (ext4): destination with the same
 identifier (name{group__isurf_gaecf15d43e4c71d130e4ef9e4a6a7821a}) has been al
ready used, duplicate ignored
<to be read again> 
                   \relax 
l.12 ...5d43e4c71d130e4ef9e4a6a7821a}{fillujumpu}}
                                                  \label{group__isurf_gaecf1...
pdfTeX warning (ext4): destination with the same identifier (name{group__flux_g
a07b6f239f6de61d489a639234c55dac3}) has been already used, duplicate ignored
<to be read again> 
                   \relax 
l.35 ...lux} (wminus, wplus, flux, nstate, nflux)}
                                                  \label{group__flux_ga07b6f...
pdfTeX warning (ext4): destination with the same identifier (name{group__flux_g
a799332814e9d69e56ae5cc53dd448ebc}) has been already used, duplicate ignored
<to be read again> 
                   \relax 
l.38 ...face\-\_\-integral\-\_\-full} (vol, flux)}
                                                  \label{group__flux_ga79933...
pdfTeX warning (ext4): destination with the same identifier (name{group__flux_g
a88fa0428bc395bf4e785ac7c484fc587}) has been already used, duplicate ignored
<to be read again> 
                   \relax 
l.41 ... {\bfseries diffh2graduf} (e, eq, graduf)}
                                                  \label{group__flux_ga88fa0...
pdfTeX warning (ext4): destination with the same identifier (name{group__flux_g
a41a0b6638f2086e785a2eee46c838140}) has been already used, duplicate ignored
<to be read again> 
                   \relax 
l.44 ...ne {\bfseries diffh2face} (e, eq, diffhf)}
                                                  \label{group__flux_ga41a0b...
pdfTeX warning (ext4): destination with the same identifier (name{group__flux_g
a28b5864db9a8cc5516dff0524e5281dd}) has been already used, duplicate ignored
<to be read again> 
                   \relax 
l.47 ...es igu\-\_\-cmt} (flxscr, gdudxk, wminus)}
                                                  \label{group__flux_ga28b58...
pdfTeX warning (ext4): destination with the same identifier (name{group__flux_g
a9e1df29c0b6ddab6d384439c68f98361}) has been already used, duplicate ignored
<to be read again> 
                   \relax 
l.50 ...087d56c6c467d3ffeb9aa6be3f43e82}{agradu})}
                                                  \label{group__flux_ga9e1df...
pdfTeX warning (ext4): destination with the same identifier (name{group__flux_g
a549c3560ff566ecc4ebe5a26cd8d7434}) has been already used, duplicate ignored
<to be read again> 
                   \relax 
l.53 ...ine {\bfseries br1primary} (flux, gdudxk)}
                                                  \label{group__flux_ga549c3...
pdfTeX warning (ext4): destination with the same identifier (name{group__flux_g
af5460e23edcfc140cce7884a9e3ebdac}) has been already used, duplicate ignored
<to be read again> 
                   \relax 
l.56 ...adu\-\_\-normal\-\_\-flux} (flux, graduf)}
                                                  \label{group__flux_gaf5460...
pdfTeX warning (ext4): destination with the same identifier (name{group__flux_g
af39815444396f97adffa0273bf02d6e5}) has been already used, duplicate ignored
<to be read again> 
                   \relax 
l.59 ...d6e5}{subroutine {\bfseries br1bc} (flux)}
                                                  \label{group__flux_gaf3981...
pdfTeX warning (ext4): destination with the same identifier (name{group__flux_g
ad4b2470bb6d756ae16a22aa09bff20cd}) has been already used, duplicate ignored
<to be read again> 
                   \relax 
l.62 ... {\bfseries bcflux\-\_\-br1} (flux, f, e)}
                                                  \label{group__flux_gad4b24...
pdfTeX warning (ext4): destination with the same identifier (name{group__flux_g
adcea35e25dbe44ed6a9f9816974a8dc7}) has been already used, duplicate ignored
<to be read again> 
                   \relax 
l.65 ...g\-\_\-sfc\-\_\-flux} (flux, vflx, e, eq)}
                                                  \label{group__flux_gadcea3...
pdfTeX warning (ext4): destination with the same identifier (name{group__flux_g
a565a7f26aa4697a900499931ca224e37}) has been already used, duplicate ignored
<to be read again> 
                   \relax 
l.68 ...s fluxes\-\_\-full\-\_\-field\-\_\-chold}}
                                                  \label{group__flux_ga565a7...
pdfTeX warning (ext4): destination with the same identifier (name{group__flux_g
ade9f72409b237ebd1810b9d856f2c0d2}) has been already used, duplicate ignored
<to be read again> 
                   \relax 
l.71 ...ies fluxes\-\_\-full\-\_\-field\-\_\-old}}
                                                  \label{group__flux_gade9f7...
pdfTeX warning (ext4): destination with the same identifier (name{group__flux_g
ae3c480e559a6d01be27381e8517a210d}) has been already used, duplicate ignored
<to be read again> 
                   \relax 
l.74 ...rot} (wminus, wplus, flux, nstate, nflux)}
                                                  \label{group__flux_gae3c48...
) (./wall__bc_8f.tex [54]) [55] (./refman.ind
Underfull \hbox (badness 1043) in paragraph at lines 39--41
[]| \T1/phv/m/n/10 Ther-mo-dy-namic state vari-ables from con-served
 []

[56

]
Underfull \hbox (badness 1043) in paragraph at lines 191--193
[]| \T1/phv/m/n/10 Ther-mo-dy-namic state vari-ables from con-served
 []

[57

])

Package natbib Warning: There were undefined citations.

Package atveryend Info: Empty hook `BeforeClearDocument' on input line 183.
Package atveryend Info: Empty hook `AfterLastShipout' on input line 183.
(./refman.aux (./group__bcond.aux) (./group__diffhvol.aux) (./group__vfjac.aux)
(./group__isurf.aux) (./group__vsurf.aux) (./group__flux.aux)
(./group__faceops.aux) (./group__twopoint.aux) (./group__initialconds.aux)
(./group__state.aux))
Package atveryend Info: Executing hook `AtVeryEndDocument' on input line 183.
Package atveryend Info: Executing hook `AtEndAfterFileList' on input line 183.
Package rerunfilecheck Info: File `refman.out' has not changed.
(rerunfilecheck)             Checksum: 4F72DABEF85F17F99FA4416732030074;21208.


LaTeX Warning: There were undefined references.


LaTeX Warning: There were multiply-defined labels.

Package atveryend Info: Empty hook `AtVeryVeryEnd' on input line 183.
 ) 
Here is how much of TeX's memory you used:
 13945 strings out of 494820
 202125 string characters out of 3178050
 280381 words of memory out of 3000000
 16295 multiletter control sequences out of 15000+200000
 122062 words of font info for 180 fonts, out of 3000000 for 9000
 198 hyphenation exceptions out of 8191
 48i,15n,43p,560b,537s stack positions out of 5000i,500n,10000p,200000b,50000s
{/usr/share/texlive/texmf-dist/fonts/enc/dvips/base/8r.enc}</usr/share/texliv
e/texmf-dist/fonts/type1/public/amsfonts/cm/cmex10.pfb></usr/share/texlive/texm
f-dist/fonts/type1/public/amsfonts/cm/cmmi10.pfb></usr/share/texlive/texmf-dist
/fonts/type1/public/amsfonts/cm/cmr10.pfb></usr/share/texlive/texmf-dist/fonts/
type1/public/amsfonts/cm/cmsy10.pfb></usr/share/texlive/texmf-dist/fonts/type1/
public/amsfonts/symbols/msam10.pfb></usr/share/texlive/texmf-dist/fonts/type1/p
ublic/amsfonts/symbols/msbm10.pfb></usr/share/texlive/texmf-dist/fonts/type1/pu
blic/rsfs/rsfs10.pfb></usr/share/texlive/texmf-dist/fonts/type1/urw/courier/ucr
r8a.pfb></usr/share/texlive/texmf-dist/fonts/type1/urw/helvetic/uhvb8a.pfb></us
r/share/texlive/texmf-dist/fonts/type1/urw/helvetic/uhvb8ac.pfb></usr/share/tex
live/texmf-dist/fonts/type1/urw/helvetic/uhvbo8a.pfb></usr/share/texlive/texmf-
dist/fonts/type1/urw/helvetic/uhvbo8ac.pfb></usr/share/texlive/texmf-dist/fonts
/type1/urw/helvetic/uhvr8a.pfb></usr/share/texlive/texmf-dist/fonts/type1/urw/h
elvetic/uhvro8a.pfb></usr/share/texlive/texmf-dist/fonts/type1/urw/symbol/usyr.
pfb></usr/share/texlive/texmf-dist/fonts/type1/urw/symbol/usyr.pfb></usr/share/
texlive/texmf-dist/fonts/type1/urw/times/utmb8a.pfb></usr/share/texlive/texmf-d
ist/fonts/type1/urw/times/utmr8a.pfb></usr/share/texlive/texmf-dist/fonts/type1
/urw/times/utmri8a.pfb>
Output written on refman.pdf (63 pages, 949901 bytes).
PDF statistics:
 1881 PDF objects out of 2073 (max. 8388607)
 1697 compressed objects within 17 object streams
 417 named destinations out of 1000 (max. 500000)
 1040 words of extra memory for PDF output out of 10000 (max. 10000000)

